Log file open, 01/03/19 17:42:44
LogWindows: Failed to load 'aqProf.dll' (GetLastError=126)
LogWindows: File 'aqProf.dll' does not exist
LogWindows: Failed to load 'VSPerf140.dll' (GetLastError=126)
LogWindows: File 'VSPerf140.dll' does not exist
LogWindows: Failed to load 'VtuneApi.dll' (GetLastError=126)
LogWindows: File 'VtuneApi.dll' does not exist
LogWindows: Failed to load 'VtuneApi32e.dll' (GetLastError=126)
LogWindows: File 'VtuneApi32e.dll' does not exist
LogInit: Display: Running engine for game: TheOnioning
LogPlatformFile: Not using cached read wrapper
LogTaskGraph: Started task graph with 5 named threads and 35 total threads with 3 sets of task threads.
LogStats: Stats thread started at 3.075404
LogD3D11RHI: Loaded GFSDK_Aftermath_Lib.x64.dll
LogICUInternationalization: Display: ICU TimeZone Detection - Raw Offset: -8:00, Platform Override: ''
LogPluginManager: Mounting plugin Paper2D
LogPluginManager: Mounting plugin AISupport
LogPluginManager: Mounting plugin LightPropagationVolume
LogPluginManager: Mounting plugin CLionSourceCodeAccess
LogPluginManager: Mounting plugin CodeLiteSourceCodeAccess
LogPluginManager: Mounting plugin GitSourceControl
LogPluginManager: Mounting plugin KDevelopSourceCodeAccess
LogPluginManager: Mounting plugin NullSourceCodeAccess
LogPluginManager: Mounting plugin PerforceSourceControl
LogPluginManager: Mounting plugin SubversionSourceControl
LogPluginManager: Mounting plugin UObjectPlugin
LogPluginManager: Mounting plugin VisualStudioCodeSourceCodeAccess
LogPluginManager: Mounting plugin VisualStudioSourceCodeAccess
LogPluginManager: Mounting plugin XCodeSourceCodeAccess
LogPluginManager: Mounting plugin AssetManagerEditor
LogPluginManager: Mounting plugin CryptoKeys
LogPluginManager: Mounting plugin DataValidation
LogPluginManager: Mounting plugin FacialAnimation
LogPluginManager: Mounting plugin GameplayTagsEditor
LogPluginManager: Mounting plugin MacGraphicsSwitching
LogPluginManager: Mounting plugin MeshEditor
LogPluginManager: Mounting plugin MobileLauncherProfileWizard
LogPluginManager: Mounting plugin PluginBrowser
LogPluginManager: Mounting plugin SpeedTreeImporter
LogPluginManager: Mounting plugin DatasmithContent
LogPluginManager: Mounting plugin AlembicImporter
LogPluginManager: Mounting plugin AppleImageUtils
LogPluginManager: Mounting plugin AppleVision
LogPluginManager: Mounting plugin BackChannel
LogPluginManager: Mounting plugin CharacterAI
LogPluginManager: Mounting plugin GeometryCache
LogPluginManager: Mounting plugin HTML5Networking
LogPluginManager: Mounting plugin ProxyLODPlugin
LogPluginManager: Mounting plugin MagicLeap
LogPluginManager: Mounting plugin MagicLeapEmulator
LogPluginManager: Mounting plugin MagicLeapMedia
LogPluginManager: Mounting plugin AndroidMedia
LogPluginManager: Mounting plugin AvfMedia
LogPluginManager: Mounting plugin ImgMedia
LogPluginManager: Mounting plugin LinearTimecode
LogPluginManager: Mounting plugin MediaCompositing
LogPluginManager: Mounting plugin MediaPlayerEditor
LogPluginManager: Mounting plugin WmfMedia
LogPluginManager: Mounting plugin TcpMessaging
LogPluginManager: Mounting plugin UdpMessaging
LogPluginManager: Mounting plugin ActorSequence
LogPluginManager: Mounting plugin LevelSequenceEditor
LogPluginManager: Mounting plugin MatineeToLevelSequence
LogPluginManager: Mounting plugin NetcodeUnitTest
LogPluginManager: Mounting plugin NUTUnrealEngine4
LogPluginManager: Mounting plugin OnlineSubsystemGooglePlay
LogPluginManager: Mounting plugin OnlineSubsystemIOS
LogPluginManager: Mounting plugin OnlineSubsystem
LogPluginManager: Mounting plugin OnlineSubsystemNull
LogPluginManager: Mounting plugin OnlineSubsystemUtils
LogPluginManager: Mounting plugin LauncherChunkInstaller
LogPluginManager: Mounting plugin AndroidDeviceProfileSelector
LogPluginManager: Mounting plugin AndroidMoviePlayer
LogPluginManager: Mounting plugin AndroidPermission
LogPluginManager: Mounting plugin AppleMoviePlayer
LogPluginManager: Mounting plugin ArchVisCharacter
LogPluginManager: Mounting plugin AudioCapture
LogPluginManager: Mounting plugin CableComponent
LogPluginManager: Mounting plugin CustomMeshComponent
LogPluginManager: Mounting plugin EditableMesh
LogPluginManager: Mounting plugin ExampleDeviceProfileSelector
LogPluginManager: Mounting plugin GoogleCloudMessaging
LogPluginManager: Mounting plugin ImmediatePhysics
LogPluginManager: Mounting plugin IOSDeviceProfileSelector
LogPluginManager: Mounting plugin LinuxDeviceProfileSelector
LogPluginManager: Mounting plugin LocationServicesBPLibrary
LogPluginManager: Mounting plugin MobilePatchingUtils
LogPluginManager: Mounting plugin OculusVR
LogPluginManager: Plugin shader directory ../../../Engine/Plugins/Runtime/Oculus/OculusVR/Shaders found
LogPluginManager: Mapping shader source directory ../../../Engine/Plugins/Runtime/Oculus/OculusVR/Shaders to virtual directory /Plugin/OculusVR
LogPluginManager: Mounting plugin PhysXVehicles
LogPluginManager: Mounting plugin ProceduralMeshComponent
LogPluginManager: Mounting plugin RuntimePhysXCooking
LogPluginManager: Mounting plugin SteamVR
LogPluginManager: Mounting plugin WindowsMoviePlayer
LogStreaming: Display: Took  0.604s to configure plugins.
LogInit: Using libcurl 7.55.1-DEV
LogInit:  - built for x86_64-pc-win32
LogInit:  - supports SSL with OpenSSL/1.0.2h
LogInit:  - supports HTTP deflate (compression) using libz 1.2.8
LogInit:  - other features:
LogInit:      CURL_VERSION_SSL
LogInit:      CURL_VERSION_LIBZ
LogInit:      CURL_VERSION_IPV6
LogInit:      CURL_VERSION_ASYNCHDNS
LogInit:      CURL_VERSION_LARGEFILE
LogInit:      CURL_VERSION_IDN
LogInit:  CurlRequestOptions (configurable via config and command line):
LogInit:  - bVerifyPeer = false  - Libcurl will NOT verify peer certificate
LogInit:  - bUseHttpProxy = false  - Libcurl will NOT use HTTP proxy
LogInit:  - bDontReuseConnections = false  - Libcurl will reuse connections
LogInit:  - CertBundlePath = nullptr  - Libcurl will use whatever was configured at build time.
LogInit:  - MaxHostConnections = 16  - Libcurl will limit the number of connections to a host
LogInit:  - LocalHostAddr = Default
LogInit:  - BufferSize = 65536
LogInit: WinSock: version 1.1 (2.2), MaxSocks=32767, MaxUdp=65467
LogInit: Build: ++UE4+Release-4.20-CL-4369336
LogInit: Engine Version: 4.20.3-4369336+++UE4+Release-4.20
LogInit: Compatible Engine Version: 4.20.0-4212847+++UE4+Release-4.20
LogInit: Net CL: 4212847
LogInit: OS: Windows 10 (), CPU: Intel(R) Core(TM) i7-5820K CPU @ 3.30GHz, GPU: NVIDIA GeForce GTX 970
LogInit: Compiled (64-bit): Sep 17 2018 12:26:19
LogInit: Compiled with Visual C++: 19.13.26129.00
LogInit: Build Configuration: Development
LogInit: Branch Name: ++UE4+Release-4.20
LogInit: Command Line:  
LogInit: Base Directory: C:/Program Files/Epic Games/UE_4.20/Engine/Binaries/Win64/
LogInit: Installed Engine Build: 1
LogDevObjectVersion: Number of dev versions registered: 20
LogDevObjectVersion:   Dev-Blueprints (B0D832E4-1F89-4F0D-ACCF-7EB736FD4AA2): 10
LogDevObjectVersion:   Dev-Build (E1C64328-A22C-4D53-A36C-8E866417BD8C): 0
LogDevObjectVersion:   Dev-Core (375EC13C-06E4-48FB-B500-84F0262A717E): 2
LogDevObjectVersion:   Dev-Editor (E4B068ED-F494-42E9-A231-DA0B2E46BB41): 24
LogDevObjectVersion:   Dev-Framework (CFFC743F-43B0-4480-9391-14DF171D2073): 34
LogDevObjectVersion:   Dev-Mobile (B02B49B5-BB20-44E9-A304-32B752E40360): 2
LogDevObjectVersion:   Dev-Networking (A4E4105C-59A1-49B5-A7C5-40C4547EDFEE): 0
LogDevObjectVersion:   Dev-Online (39C831C9-5AE6-47DC-9A44-9C173E1C8E7C): 0
LogDevObjectVersion:   Dev-Physics (78F01B33-EBEA-4F98-B9B4-84EACCB95AA2): 0
LogDevObjectVersion:   Dev-Platform (6631380F-2D4D-43E0-8009-CF276956A95A): 0
LogDevObjectVersion:   Dev-Rendering (12F88B9F-8875-4AFC-A67C-D90C383ABD29): 26
LogDevObjectVersion:   Dev-Sequencer (7B5AE74C-D270-4C10-A958-57980B212A5A): 9
LogDevObjectVersion:   Dev-VR (D7296918-1DD6-4BDD-9DE2-64A83CC13884): 2
LogDevObjectVersion:   Dev-LoadTimes (C2A15278-BFE7-4AFE-6C17-90FF531DF755): 1
LogDevObjectVersion:   Private-Geometry (6EACA3D4-40EC-4CC1-B786-8BED09428FC5): 3
LogDevObjectVersion:   Dev-AnimPhys (29E575DD-E0A3-4627-9D10-D276232CDCEA): 17
LogDevObjectVersion:   Dev-ReflectionCapture (6B266CEC-1EC7-4B8F-A30B-E4D90942FC07): 1
LogDevObjectVersion:   Dev-Automation (0DF73D61-A23F-47EA-B727-89E90C41499A): 1
LogDevObjectVersion:   FortniteMain (601D1886-AC64-4F84-AA16-D3DE0DEAC7D6): 12
LogDevObjectVersion:   Dev-Enterprise (9DFFBCD6-494F-0158-E221-12823C92A888): 1
LogStreaming: Display: Took  0.001s to delete old logs.
LogInit: Presizing for max 8388607 objects, including 0 objects not considered by GC, pre-allocating 0 bytes for permanent pool.
LogInit: Object subsystem initialized
[2019.01.04-01.42.47:112][  0]LogInit: Selected Device Profile: [Windows]
[2019.01.04-01.42.47:113][  0]LogInit: Applying CVar settings loaded from the selected device profile: [Windows]
[2019.01.04-01.42.47:180][  0]LogHAL: Display: Platform has ~ 8 GB [8496615424 / 8589934592 / 8], which maps to Default [LargestMinGB=32, LargerMinGB=12, DefaultMinGB=8, SmallerMinGB=6, SmallestMinGB=0)
[2019.01.04-01.42.47:184][  0]LogInit: Setting Device Profile CVar: [[r.Vulkan.UseRealUBs:1]]
[2019.01.04-01.42.47:184][  0]LogInit: Going up to parent DeviceProfile []
[2019.01.04-01.42.47:245][  0]LogInit: Computer: DESKTOP-ODLAD0V
[2019.01.04-01.42.47:245][  0]LogInit: User: Ryan
[2019.01.04-01.42.47:245][  0]LogInit: CPU Page size=4096, Cores=6
[2019.01.04-01.42.47:245][  0]LogInit: High frequency timer resolution =3.220792 MHz
[2019.01.04-01.42.47:246][  0]LogMemory: Memory total: Physical=7.9GB (8GB approx)
[2019.01.04-01.42.47:246][  0]LogMemory: Platform Memory Stats for Windows
[2019.01.04-01.42.47:246][  0]LogMemory: Process Physical Memory: 101.06 MB used, 101.06 MB peak
[2019.01.04-01.42.47:246][  0]LogMemory: Process Virtual Memory: 85.83 MB used, 85.83 MB peak
[2019.01.04-01.42.47:246][  0]LogMemory: Physical Memory: 4302.07 MB used,  3800.93 MB free, 8103.00 MB total
[2019.01.04-01.42.47:246][  0]LogMemory: Virtual Memory: 4652.75 MB used,  3800.93 MB free, 134217728.00 MB total
[2019.01.04-01.42.48:355][  0]LogInit: Using OS detected language (en-US).
[2019.01.04-01.42.48:355][  0]LogInit: Using OS detected locale (en-US).
[2019.01.04-01.42.48:437][  0]LogTextLocalizationManager: No specific localization for 'en-US' exists, so the 'en' localization will be used.
[2019.01.04-01.42.49:233][  0]LogStreaming: Display: Took  0.828s to InitEngineTextLocalization.
[2019.01.04-01.42.49:243][  0]LogInit: Setting process to per monitor DPI aware
[2019.01.04-01.42.49:624][  0]LogSlate: New Slate User Created.  User Index 0, Is Virtual User: 0
[2019.01.04-01.42.49:624][  0]LogSlate: Slate User Registered.  User Index 0, Is Virtual User: 0
[2019.01.04-01.42.52:426][  0]LogHMD: Failed to initialize OpenVR with code 110
[2019.01.04-01.42.52:426][  0]LogD3D11RHI: D3D11 adapters:
[2019.01.04-01.42.52:532][  0]LogD3D11RHI:    0. 'NVIDIA GeForce GTX 970' (Feature Level 11_0)
[2019.01.04-01.42.52:532][  0]LogD3D11RHI:       4043/0/4051 MB DedicatedVideo/DedicatedSystem/SharedSystem, Outputs:2, VendorId:0x10de
[2019.01.04-01.42.52:562][  0]LogD3D11RHI:    1. 'Microsoft Basic Render Driver' (Feature Level 11_0)
[2019.01.04-01.42.52:562][  0]LogD3D11RHI:       0/0/4051 MB DedicatedVideo/DedicatedSystem/SharedSystem, Outputs:0, VendorId:0x1414
[2019.01.04-01.42.52:562][  0]LogD3D11RHI: Chosen D3D11 Adapter: 0
[2019.01.04-01.42.52:570][  0]LogD3D11RHI: Creating new Direct3DDevice
[2019.01.04-01.42.52:570][  0]LogD3D11RHI:     GPU DeviceId: 0x13c2 (for the marketing name, search the web for "GPU Device Id")
[2019.01.04-01.42.52:590][  0]LogWindows: EnumDisplayDevices:
[2019.01.04-01.42.52:591][  0]LogWindows:    0. 'NVIDIA GeForce GTX 970' (P:1 D:1)
[2019.01.04-01.42.52:591][  0]LogWindows:    1. 'NVIDIA GeForce GTX 970' (P:0 D:1)
[2019.01.04-01.42.52:591][  0]LogWindows:    2. 'NVIDIA GeForce GTX 970' (P:0 D:0)
[2019.01.04-01.42.52:592][  0]LogWindows:    3. 'NVIDIA GeForce GTX 970' (P:0 D:0)
[2019.01.04-01.42.52:592][  0]LogWindows: DebugString: FoundDriverCount:4 
[2019.01.04-01.42.52:592][  0]LogD3D11RHI:     Adapter Name: NVIDIA GeForce GTX 970
[2019.01.04-01.42.52:592][  0]LogD3D11RHI:   Driver Version: 399.07 (internal:24.21.13.9907, unified:399.07)
[2019.01.04-01.42.52:592][  0]LogD3D11RHI:      Driver Date: 8-21-2018
[2019.01.04-01.42.52:592][  0]LogRHI: Texture pool is 2830 MB (70% of 4043 MB)
[2019.01.04-01.42.52:667][  0]LogD3D11RHI: Async texture creation enabled
[2019.01.04-01.42.52:904][  0]LogD3D11RHI: GPU Timing Frequency: 1000.000000 (Debug: 2 2)
[2019.01.04-01.42.52:972][  0]LogShaderCompilers: Guid format shader working directory is -21 characters bigger than the processId version (../../../../../../Users/Ryan/Documents/Unreal Projects/TheOnioning/Intermediate/Shaders/WorkingDirectory/7248/).
[2019.01.04-01.42.52:972][  0]LogShaderCompilers: Cleaned the shader compiler working directory 'C:/Users/Ryan/AppData/Local/Temp/UnrealShaderWorkingDir/30D36D3B428E07B4D0562AB9B1A8F6DE/'.
[2019.01.04-01.42.54:676][  0]LogTemp: Display: Loaded TP AllDesktopTargetPlatform
[2019.01.04-01.42.54:697][  0]LogTemp: Display: Loaded TP MacClientTargetPlatform
[2019.01.04-01.42.54:716][  0]LogTemp: Display: Loaded TP MacNoEditorTargetPlatform
[2019.01.04-01.42.54:735][  0]LogTemp: Display: Loaded TP MacServerTargetPlatform
[2019.01.04-01.42.54:772][  0]LogTemp: Display: Loaded TP MacTargetPlatform
[2019.01.04-01.42.54:802][  0]LogTemp: Display: Loaded TP WindowsClientTargetPlatform
[2019.01.04-01.42.54:818][  0]LogTemp: Display: Loaded TP WindowsNoEditorTargetPlatform
[2019.01.04-01.42.54:834][  0]LogTemp: Display: Loaded TP WindowsServerTargetPlatform
[2019.01.04-01.42.54:843][  0]LogTemp: Display: Loaded TP WindowsTargetPlatform
[2019.01.04-01.42.54:998][  0]LogTemp: Display: Loaded TP AndroidTargetPlatform
[2019.01.04-01.42.54:998][  0]LogTemp: Display: Loaded TP AndroidTargetPlatform
[2019.01.04-01.42.54:998][  0]LogTemp: Display: Loaded TP AndroidTargetPlatform
[2019.01.04-01.42.54:998][  0]LogTemp: Display: Loaded TP AndroidTargetPlatform
[2019.01.04-01.42.54:998][  0]LogTemp: Display: Loaded TP AndroidTargetPlatform
[2019.01.04-01.42.54:998][  0]LogTemp: Display: Loaded TP AndroidTargetPlatform
[2019.01.04-01.42.54:998][  0]LogTemp: Display: Loaded TP AndroidTargetPlatform
[2019.01.04-01.42.54:998][  0]LogTemp: Display: Loaded TP AndroidTargetPlatform
[2019.01.04-01.42.54:998][  0]LogTemp: Display: Loaded TP AndroidTargetPlatform
[2019.01.04-01.42.54:998][  0]LogTemp: Display: Loaded TP AndroidTargetPlatform
[2019.01.04-01.42.54:998][  0]LogTemp: Display: Loaded TP AndroidTargetPlatform
[2019.01.04-01.42.54:998][  0]LogTemp: Display: Loaded TP AndroidTargetPlatform
[2019.01.04-01.42.54:998][  0]LogTemp: Display: Loaded TP AndroidTargetPlatform
[2019.01.04-01.42.54:998][  0]LogTemp: Display: Loaded TP AndroidTargetPlatform
[2019.01.04-01.42.54:998][  0]LogTemp: Display: Loaded TP AndroidTargetPlatform
[2019.01.04-01.42.54:998][  0]LogTemp: Display: Loaded TP AndroidTargetPlatform
[2019.01.04-01.42.54:998][  0]LogTemp: Display: Loaded TP AndroidTargetPlatform
[2019.01.04-01.42.54:998][  0]LogTemp: Display: Loaded TP AndroidTargetPlatform
[2019.01.04-01.42.55:001][  0]LogTemp: Display: Loaded TP HTML5TargetPlatform
[2019.01.04-01.42.55:117][  0]LogTemp: Display: Loaded TP IOSTargetPlatform
[2019.01.04-01.42.55:117][  0]LogTemp: Display: Loaded TP IOSTargetPlatform
[2019.01.04-01.42.55:152][  0]LogTemp: Display: Loaded TP TVOSTargetPlatform
[2019.01.04-01.42.55:152][  0]LogTemp: Display: Loaded TP TVOSTargetPlatform
[2019.01.04-01.42.55:171][  0]LogTemp: Display: Loaded TP LinuxClientTargetPlatform
[2019.01.04-01.42.55:193][  0]LogTemp: Display: Loaded TP LinuxNoEditorTargetPlatform
[2019.01.04-01.42.55:212][  0]LogTemp: Display: Loaded TP LinuxServerTargetPlatform
[2019.01.04-01.42.55:243][  0]LogTemp: Display: Loaded TP LinuxTargetPlatform
[2019.01.04-01.42.55:253][  0]LogTemp: Display: Loaded TP LuminTargetPlatform
[2019.01.04-01.42.55:253][  0]LogTargetPlatformManager: Display: Building Assets For Windows
[2019.01.04-01.42.55:808][  0]LogXGEController: Cleaning working directory: C:/Users/Ryan/AppData/Local/Temp/UnrealXGEWorkingDir/
[2019.01.04-01.42.55:809][  0]LogXGEController: Cannot use XGE Controller as Incredibuild is not installed on this machine.
[2019.01.04-01.42.55:809][  0]LogShaderCompilers: Cannot use XGE Shader Compiler as Incredibuild is not installed on this machine.
[2019.01.04-01.42.55:809][  0]LogShaderCompilers: Display: Using Local Shader Compiler.
[2019.01.04-01.42.59:755][  0]LogDerivedDataCache: Display: Max Cache Size: 512 MB
[2019.01.04-01.43.00:390][  0]LogDerivedDataCache: Loaded boot cache 0.63s 71MB C:/Users/Ryan/AppData/Local/UnrealEngine/4.20/DerivedDataCache/Boot.ddc.
[2019.01.04-01.43.00:391][  0]LogDerivedDataCache: Display: Loaded Boot cache: C:/Users/Ryan/AppData/Local/UnrealEngine/4.20/DerivedDataCache/Boot.ddc
[2019.01.04-01.43.00:391][  0]LogDerivedDataCache: FDerivedDataBackendGraph:  Pak pak cache file ../../../../../../Users/Ryan/Documents/Unreal Projects/TheOnioning/DerivedDataCache/DDC.ddp not found, will not use a pak cache.
[2019.01.04-01.43.00:391][  0]LogDerivedDataCache: Unable to find inner node Pak for hierarchical cache Hierarchy.
[2019.01.04-01.43.00:391][  0]LogDerivedDataCache: FDerivedDataBackendGraph:  CompressedPak pak cache file ../../../../../../Users/Ryan/Documents/Unreal Projects/TheOnioning/DerivedDataCache/Compressed.ddp not found, will not use a pak cache.
[2019.01.04-01.43.00:391][  0]LogDerivedDataCache: Unable to find inner node CompressedPak for hierarchical cache Hierarchy.
[2019.01.04-01.43.00:479][  0]LogDerivedDataCache: Display: Pak cache opened for reading ../../../Engine/DerivedDataCache/Compressed.ddp.
[2019.01.04-01.43.00:491][  0]LogDerivedDataCache: Using Local data cache path C:/Users/Ryan/AppData/Local/UnrealEngine/Common/DerivedDataCache: Writable
[2019.01.04-01.43.00:491][  0]LogDerivedDataCache: Shared data cache path not found in *engine.ini, will not use an Shared cache.
[2019.01.04-01.43.00:491][  0]LogDerivedDataCache: Unable to find inner node Shared for hierarchical cache Hierarchy.
[2019.01.04-01.43.00:548][  0]LogMaterial: Verifying Global Shaders for PCD3D_SM5
[2019.01.04-01.43.00:581][  0]LogSlate: Using FreeType 2.6.0
[2019.01.04-01.43.00:632][  0]LogSlate: SlateFontServices - WITH_FREETYPE: 1, WITH_HARFBUZZ: 1
[2019.01.04-01.43.01:388][  0]LogAssetRegistry: FAssetRegistry took 0.0278 seconds to start up
[2019.01.04-01.43.03:754][  0]LogInit: Selected Device Profile: [Windows]
[2019.01.04-01.43.05:254][  0]LogSimplygon: Simplygon DLL not present - disabling.
[2019.01.04-01.43.05:353][  0]LogMeshReduction: Using SimplygonSwarm for distributed automatic mesh merging
[2019.01.04-01.43.05:353][  0]LogMeshReduction: Using ProxyLODMeshReduction for automatic mesh merging
[2019.01.04-01.43.05:353][  0]LogMeshReduction: Using QuadricMeshReduction for automatic static mesh reduction
[2019.01.04-01.43.05:353][  0]LogMeshReduction: No automatic skeletal mesh reduction module available
[2019.01.04-01.43.05:604][  0]LogNetVersion: TheOnioning 1.0.0, NetCL: 4212847, EngineNetVer: 5, GameNetVer: 0 (Checksum: 2736480446)
[2019.01.04-01.43.08:985][  0]LogPackageLocalizationCache: Processed 11 localized package path(s) for 2 prioritized culture(s) in 0.168949 seconds
[2019.01.04-01.43.09:016][  0]LogUObjectArray: 38425 objects as part of root set at end of initial load.
[2019.01.04-01.43.09:016][  0]LogUObjectAllocator: 6690872 out of 0 bytes used by permanent object pool.
[2019.01.04-01.43.09:016][  0]LogUObjectArray: CloseDisregardForGC: 0/0 objects in disregard for GC pool
[2019.01.04-01.43.23:135][  0]LogTcpMessaging: Initializing TcpMessaging bridge
[2019.01.04-01.43.23:181][  0]LogUdpMessaging: Initializing bridge on interface 0.0.0.0:0 to multicast group 230.0.0.1:6666.
[2019.01.04-01.43.24:176][  0]SourceControl: Source control is disabled
[2019.01.04-01.43.24:176][  0]SourceControl: Source control is disabled
[2019.01.04-01.43.24:214][  0]SourceControl: Source control is disabled
[2019.01.04-01.43.24:218][  0]SourceControl: Source control is disabled
[2019.01.04-01.43.25:212][  0]LogAndroidPermission: UAndroidPermissionCallbackProxy::GetInstance
[2019.01.04-01.43.25:420][  0]LogOcInput: OculusInput pre-init called
[2019.01.04-01.43.25:844][  0]LogEngine: Initializing Engine...
[2019.01.04-01.43.25:861][  0]LogHMD: Failed to initialize OpenVR with code 110
[2019.01.04-01.43.25:901][  0]LogStats: UGameplayTagsManager::ConstructGameplayTagTree: ImportINI prefixes -  0.009 s
[2019.01.04-01.43.25:901][  0]LogStats: UGameplayTagsManager::ConstructGameplayTagTree: Construct from data asset -  0.000 s
[2019.01.04-01.43.25:901][  0]LogStats: UGameplayTagsManager::ConstructGameplayTagTree: ImportINI -  0.000 s
[2019.01.04-01.43.25:901][  0]LogStats: UGameplayTagsManager::ConstructGameplayTagTree: GameplayTagTreeChangedEvent.Broadcast -  0.000 s
[2019.01.04-01.43.26:673][  0]LogInit: Initializing FReadOnlyCVARCache
[2019.01.04-01.43.26:974][  0]LogAIModule: Creating AISystem for world Untitled
[2019.01.04-01.43.27:081][  0]LogInit: XAudio2 using 'Speakers (High Definition Audio Device)' : 2 channels at 48 kHz using 16 bits per sample (channel mask 0x3)
[2019.01.04-01.43.27:117][  0]LogInit: FAudioDevice initialized.
[2019.01.04-01.43.27:118][  0]LogNetVersion: Set ProjectVersion to 1.0.0.0. Version Checksum will be recalculated on next use.
[2019.01.04-01.43.27:291][  0]LogDerivedDataCache: Saved boot cache 0.17s 71MB C:/Users/Ryan/AppData/Local/UnrealEngine/4.20/DerivedDataCache/Boot.ddc.
[2019.01.04-01.43.27:311][  0]LogInit: Texture streaming: Enabled
[2019.01.04-01.43.27:370][  0]LogEngineSessionManager: EngineSessionManager initialized
[2019.01.04-01.43.27:484][  0]LogInit: Transaction tracking system initialized
[2019.01.04-01.43.27:983][  0]BlueprintLog: New page: Editor Load
[2019.01.04-01.43.28:710][  0]LocalizationService: Localization service is disabled
[2019.01.04-01.43.31:743][  0]LogFileCache: Scanning file cache for directory 'C:/Users/Ryan/Documents/Unreal Projects/TheOnioning/Content/' took 0.04s
[2019.01.04-01.43.31:743][  0]LogCook: Display: Max memory allowance for cook 16384mb min free memory 0mb
[2019.01.04-01.43.31:743][  0]LogCook: Display: Mobile HDR setting 1
[2019.01.04-01.43.31:758][  0]LogGameplayTags: Display: UGameplayTagsManager::DoneAddingNativeTags. DelegateIsBound: 0
[2019.01.04-01.43.31:758][  0]LogStats: UGameplayTagsManager::ConstructGameplayTagTree: ImportINI prefixes -  0.000 s
[2019.01.04-01.43.31:758][  0]LogStats: UGameplayTagsManager::ConstructGameplayTagTree: Construct from data asset -  0.000 s
[2019.01.04-01.43.31:758][  0]LogStats: UGameplayTagsManager::ConstructGameplayTagTree: ImportINI -  0.000 s
[2019.01.04-01.43.31:758][  0]LogStats: UGameplayTagsManager::ConstructGameplayTagTree: GameplayTagTreeChangedEvent.Broadcast -  0.000 s
[2019.01.04-01.43.33:824][  0]SourceControl: Source control is disabled
[2019.01.04-01.43.33:847][  0]Cmd: MAP LOAD FILE="../../../../../../Users/Ryan/Documents/Unreal Projects/TheOnioning/Content/Maps/Testing/PlayerTEST_MAP.umap" TEMPLATE=0 SHOWPROGRESS=1 FEATURELEVEL=3
[2019.01.04-01.43.33:848][  0]LogEditorServer: Warning: Can't find file '../../../../../../Users/Ryan/Documents/Unreal Projects/TheOnioning/Content/Maps/Testing/PlayerTEST_MAP.umap'
[2019.01.04-01.43.33:848][  0]Cmd: MAP CHECKDEP NOCLEARLOG
[2019.01.04-01.43.33:952][  0]MapCheck: Map check complete: 0 Error(s), 0 Warning(s), took 104.388ms to complete.
[2019.01.04-01.43.33:952][  0]LogFileHelpers: Loading map 'PlayerTEST_MAP' took 0.122
[2019.01.04-01.43.34:821][  0]LogCollectionManager: Loaded 0 collections in 0.013159 seconds
[2019.01.04-01.43.34:943][  0]LogFileCache: Scanning file cache for directory 'C:/Users/Ryan/Documents/Unreal Projects/TheOnioning/Saved/Collections/' took 0.01s
[2019.01.04-01.43.34:943][  0]LogFileCache: Scanning file cache for directory 'C:/Users/Ryan/Documents/Unreal Projects/TheOnioning/Content/Developers/Ryan/Collections/' took 0.01s
[2019.01.04-01.43.34:943][  0]LogFileCache: Scanning file cache for directory 'C:/Users/Ryan/Documents/Unreal Projects/TheOnioning/Content/Collections/' took 0.01s
[2019.01.04-01.43.34:943][  0]LogCollectionManager: Rebuilt the GUID cache for 0 collections in 0.000001 seconds
[2019.01.04-01.43.34:954][  0]LogContentBrowser: Native class hierarchy populated in 0.0096 seconds. Added 2572 classes and 603 folders.
[2019.01.04-01.43.35:016][  0]LogContentBrowser: Native class hierarchy updated for 'WidgetCarousel' in 0.0002 seconds. Added 0 classes and 0 folders.
[2019.01.04-01.43.36:183][  0]LogContentBrowser: Native class hierarchy updated for 'AddContentDialog' in 0.0002 seconds. Added 0 classes and 0 folders.
[2019.01.04-01.43.36:474][  0]LogSlate: Updating window title bar state: overlay mode, drag disabled, window buttons hidden, title bar hidden
[2019.01.04-01.43.36:482][  0]LogSlate: Updating window title bar state: overlay mode, drag disabled, window buttons hidden, title bar hidden
[2019.01.04-01.43.36:489][  0]LogSlate: Updating window title bar state: overlay mode, drag disabled, window buttons hidden, title bar hidden
[2019.01.04-01.43.36:496][  0]LogSlate: Updating window title bar state: overlay mode, drag disabled, window buttons hidden, title bar hidden
[2019.01.04-01.43.36:560][  0]LogContentBrowser: Native class hierarchy updated for 'SceneOutliner' in 0.0003 seconds. Added 1 classes and 2 folders.
[2019.01.04-01.43.37:171][  0]LogSlate: Took 0.007737 seconds to synchronously load lazily loaded font '../../../Engine/Content/Slate/Fonts/Roboto-Regular.ttf' (155K)
[2019.01.04-01.43.37:184][  0]LogSlate: Took 0.012098 seconds to synchronously load lazily loaded font '../../../Engine/Content/Slate/Fonts/Roboto-Bold.ttf' (160K)
[2019.01.04-01.43.37:200][  0]LogSlate: Took 0.014445 seconds to synchronously load lazily loaded font '../../../Engine/Content/Editor/Slate/Fonts/FontAwesome.ttf' (139K)
[2019.01.04-01.43.37:632][  0]LogRenderer: Reallocating scene render targets to support 1692x924 Format 10 NumSamples 1 (Frame:1).
[2019.01.04-01.43.38:243][  0]LogContentBrowser: Native class hierarchy updated for 'HierarchicalLODOutliner' in 0.0003 seconds. Added 0 classes and 0 folders.
[2019.01.04-01.43.38:243][  0]LogLoad: (Engine Initialization) Total time: 66.77 seconds
[2019.01.04-01.43.38:243][  0]LogLoad: (Engine Initialization) Total Blueprint compile time: 0.00 seconds
[2019.01.04-01.43.38:385][  0]LogContentStreaming: Texture pool size now 1000 MB
[2019.01.04-01.43.38:553][  1]LogAssetRegistry: Asset discovery search completed in 37.1882 seconds
[2019.01.04-01.43.38:555][  1]LogCollectionManager: Rebuilt the object cache for 0 collections in 0.000000 seconds (found 0 objects)
[2019.01.04-01.43.38:555][  1]LogCollectionManager: Fixed up redirectors for 0 collections in 0.000050 seconds (updated 0 objects)
[2019.01.04-01.44.11:212][ 99]LogSlate: FSceneViewport::OnFocusLost() reason 0
[2019.01.04-01.44.11:423][ 99]LogSlate: Took 0.012485 seconds to synchronously load lazily loaded font '../../../Engine/Content/Slate/Fonts/Roboto-Light.ttf' (167K)
[2019.01.04-01.44.11:428][ 99]LogAssetEditorManager: Opening Asset editor for Material /Game/Materials/Moe_MAT.Moe_MAT
[2019.01.04-01.44.11:475][ 99]LogMaterial: Display: Missing cached shader map for material Moe_MAT, compiling. 
[2019.01.04-01.44.12:617][ 99]LogMaterial: Display: Missing cached shader map for material Moe_MAT, compiling. 
[2019.01.04-01.44.12:676][ 99]LogMaterial: Display: Missing cached shader map for material Moe_MAT, compiling. 
[2019.01.04-01.44.12:698][ 99]LogShaderCompilers: Display: Shaders left to compile 30
[2019.01.04-01.44.12:698][ 99]LogShaderCompilers: Display: Shaders left to compile 29
[2019.01.04-01.44.12:698][ 99]LogShaderCompilers: Display: Shaders left to compile 28
[2019.01.04-01.44.12:698][ 99]LogShaderCompilers: Display: Shaders left to compile 27
[2019.01.04-01.44.12:698][ 99]LogShaderCompilers: Display: Shaders left to compile 26
[2019.01.04-01.44.12:698][ 99]LogShaderCompilers: Display: Shaders left to compile 25
[2019.01.04-01.44.12:698][ 99]LogShaderCompilers: Display: Shaders left to compile 24
[2019.01.04-01.44.12:698][ 99]LogShaderCompilers: Display: Shaders left to compile 23
[2019.01.04-01.44.12:765][ 99]LogMaterial: Display: Missing cached shader map for material FMatExpressionPreview MaterialExpressionTextureSample_0, compiling. 
[2019.01.04-01.44.12:918][ 99]LogSlate: Took 0.045230 seconds to synchronously load lazily loaded font '../../../Engine/Content/Slate/Fonts/Roboto-BoldCondensed.ttf' (158K)
[2019.01.04-01.44.15:345][151]LogShaderCompilers: Display: Shaders left to compile 24
[2019.01.04-01.44.15:345][151]LogShaderCompilers: Display: Shaders left to compile 23
[2019.01.04-01.44.15:345][151]LogShaderCompilers: Display: Shaders left to compile 22
[2019.01.04-01.44.15:345][151]LogShaderCompilers: Display: Shaders left to compile 21
[2019.01.04-01.44.15:345][151]LogShaderCompilers: Display: Shaders left to compile 20
[2019.01.04-01.44.15:345][151]LogShaderCompilers: Display: Shaders left to compile 19
[2019.01.04-01.44.15:703][159]LogShaderCompilers: Display: Shaders left to compile 18
[2019.01.04-01.44.15:782][162]LogShaderCompilers: Display: Shaders left to compile 17
[2019.01.04-01.44.16:110][178]LogShaderCompilers: Display: Shaders left to compile 16
[2019.01.04-01.44.16:134][179]LogShaderCompilers: Display: Shaders left to compile 15
[2019.01.04-01.44.16:205][182]LogShaderCompilers: Display: Shaders left to compile 14
[2019.01.04-01.44.16:254][184]LogShaderCompilers: Display: Shaders left to compile 13
[2019.01.04-01.44.16:625][200]LogShaderCompilers: Display: Shaders left to compile 12
[2019.01.04-01.44.16:659][201]LogShaderCompilers: Display: Shaders left to compile 11
[2019.01.04-01.44.16:685][202]LogShaderCompilers: Display: Shaders left to compile 10
[2019.01.04-01.44.16:999][215]LogShaderCompilers: Display: Shaders left to compile 9
[2019.01.04-01.44.17:110][221]LogShaderCompilers: Display: Shaders left to compile 8
[2019.01.04-01.44.17:130][222]LogShaderCompilers: Display: Shaders left to compile 7
[2019.01.04-01.44.17:152][223]LogShaderCompilers: Display: Shaders left to compile 6
[2019.01.04-01.44.17:617][243]LogShaderCompilers: Display: Shaders left to compile 5
[2019.01.04-01.44.17:644][244]LogShaderCompilers: Display: Shaders left to compile 4
[2019.01.04-01.44.17:763][250]LogShaderCompilers: Display: Shaders left to compile 3
[2019.01.04-01.44.17:819][253]LogShaderCompilers: Display: Shaders left to compile 2
[2019.01.04-01.44.18:145][267]LogShaderCompilers: Display: Shaders left to compile 1
[2019.01.04-01.44.18:696][298]MaterialEditorStats: Base pass shader: 100 instructions
[2019.01.04-01.44.18:696][298]MaterialEditorStats: Base pass shader with Volumetric Lightmap: 176 instructions
[2019.01.04-01.44.18:696][298]MaterialEditorStats: Base pass vertex shader: 111 instructions
[2019.01.04-01.44.18:696][298]MaterialEditorStats: Texture samplers: 3/16
[2019.01.04-01.44.18:696][298]MaterialEditorStats: Texture Lookups (Est.): VS(0), PS(1)
[2019.01.04-01.44.18:696][298]MaterialEditorStats: User interpolators: 2/4 Scalars (1/4 Vectors) (TexCoords: 2, Custom: 0)
[2019.01.04-01.44.48:556][ 41]LogSlate: FSceneViewport::OnFocusLost() reason 0
[2019.01.04-01.44.48:671][ 41]LogMaterialEditor: Saving and Compiling material Moe_MAT
[2019.01.04-01.44.48:782][ 41]Cmd: OBJ SAVEPACKAGE PACKAGE="/Game/Materials/Moe_MAT" FILE="../../../../../../Users/Ryan/Documents/Unreal Projects/TheOnioning/Content/Materials/Moe_MAT.uasset" SILENT=true
[2019.01.04-01.44.49:059][ 41]LogSavePackage: Moving '../../../../../../Users/Ryan/Documents/Unreal Projects/TheOnioning/Saved/Moe_MAT4758588F4CF4B166A5A04D9C4E9193D0.tmp' to '../../../../../../Users/Ryan/Documents/Unreal Projects/TheOnioning/Content/Materials/Moe_MAT.uasset'
[2019.01.04-01.45.03:996][593]LogSlate: Took 0.000241 seconds to synchronously load lazily loaded font '../../../Engine/Content/Slate/Fonts/Roboto-Light.ttf' (167K)
[2019.01.04-01.45.08:233][ 41]Cmd: MAP LOAD FILE="../../../../../../Users/Ryan/Documents/Unreal Projects/TheOnioning/Content/Maps/Testing/PlayerMovementTEST_MAP.umap" TEMPLATE=0 SHOWPROGRESS=1 FEATURELEVEL=3
[2019.01.04-01.45.08:249][ 41]LightingResults: New page: Lighting Build
[2019.01.04-01.45.08:268][ 41]LogContentBrowser: Native class hierarchy updated for 'StatsViewer' in 0.0004 seconds. Added 5 classes and 0 folders.
[2019.01.04-01.45.08:269][ 41]LoadErrors: New page: Loading map: PlayerMovementTEST_MAP.umap
[2019.01.04-01.45.08:338][ 41]MapCheck: New page: Map Check
[2019.01.04-01.45.08:339][ 41]LightingResults: New page: Lighting Build
[2019.01.04-01.45.09:154][ 41]LogAIModule: Creating AISystem for world PlayerMovementTEST_MAP
[2019.01.04-01.45.09:447][ 41]LogEditorServer: Finished looking for orphan Actors (0.000 secs)
[2019.01.04-01.45.09:560][ 41]Cmd: MAP CHECKDEP NOCLEARLOG
[2019.01.04-01.45.09:650][ 41]MapCheck: Map check complete: 0 Error(s), 0 Warning(s), took 90.036ms to complete.
[2019.01.04-01.45.09:650][ 41]LogFileHelpers: Loading map 'PlayerMovementTEST_MAP' took 1.440
[2019.01.04-01.45.09:653][ 41]LogSlate: Window 'Open Level' being destroyed
[2019.01.04-01.45.11:168][203]LogTemp: Repeating last play command: Selected Viewport
[2019.01.04-01.45.11:221][203]LogPlayLevel: PlayLevel: No blueprints needed recompiling
[2019.01.04-01.45.11:335][203]PIE: New page: PIE session: PlayerMovementTEST_MAP (Jan 3, 2019, 9:45:11 AM)
[2019.01.04-01.45.11:335][203]LogPlayLevel: Creating play world package: /Game/Maps/Testing/UEDPIE_0_PlayerMovementTEST_MAP
[2019.01.04-01.45.11:387][203]LogPlayLevel: PIE: StaticDuplicateObject took: (0.051772s)
[2019.01.04-01.45.11:388][203]LogAIModule: Creating AISystem for world PlayerMovementTEST_MAP
[2019.01.04-01.45.11:397][203]LogPlayLevel: PIE: World Init took: (0.009622s)
[2019.01.04-01.45.11:397][203]LogPlayLevel: PIE: Created PIE world by copying editor world from /Game/Maps/Testing/PlayerMovementTEST_MAP.PlayerMovementTEST_MAP to /Game/Maps/Testing/UEDPIE_0_PlayerMovementTEST_MAP.PlayerMovementTEST_MAP (0.061672s)
[2019.01.04-01.45.11:449][203]LogInit: XAudio2 using 'Speakers (High Definition Audio Device)' : 2 channels at 48 kHz using 16 bits per sample (channel mask 0x3)
[2019.01.04-01.45.11:460][203]LogInit: FAudioDevice initialized.
[2019.01.04-01.45.11:523][203]LogLoad: Game class is 'Player_GM_C'
[2019.01.04-01.45.11:584][203]LogWorld: Bringing World /Game/Maps/Testing/UEDPIE_0_PlayerMovementTEST_MAP.PlayerMovementTEST_MAP up for play (max tick rate 0) at 2019.01.03-17.45.11
[2019.01.04-01.45.11:598][203]LogWorld: Bringing up level for play took: 0.014212
[2019.01.04-01.45.11:677][203]LogSpawn: Warning: SpawnActor failed because no class was specified
[2019.01.04-01.45.11:717][203]LogContentBrowser: Native class hierarchy updated for 'MovieSceneCapture' in 0.0003 seconds. Added 10 classes and 0 folders.
[2019.01.04-01.45.11:789][203]PIE: Play in editor start time for /Game/Maps/Testing/UEDPIE_0_PlayerMovementTEST_MAP 0.199
[2019.01.04-01.45.14:508][504]LogSlate: Updating window title bar state: overlay mode, drag disabled, window buttons hidden, title bar hidden
[2019.01.04-01.45.14:574][504]LogPlayLevel: Display: Shutting down PIE online subsystems
[2019.01.04-01.45.14:650][504]LogSlate: Updating window title bar state: overlay mode, drag disabled, window buttons hidden, title bar hidden
[2019.01.04-01.45.14:688][505]LogPlayLevel: Display: Destroying online subsystem :Context_3
[2019.01.04-01.45.16:106][671]LogSlate: FSceneViewport::OnFocusLost() reason 0
[2019.01.04-01.45.16:222][685]LogMaterialEditor: Saving and Compiling material Moe_MAT
[2019.01.04-01.45.16:241][685]Cmd: OBJ SAVEPACKAGE PACKAGE="/Game/Materials/Moe_MAT" FILE="../../../../../../Users/Ryan/Documents/Unreal Projects/TheOnioning/Content/Materials/Moe_MAT.uasset" SILENT=true
[2019.01.04-01.45.16:253][685]LogSavePackage: Moving '../../../../../../Users/Ryan/Documents/Unreal Projects/TheOnioning/Saved/Moe_MAT2677B328453475BE22BFA1A44C37C192.tmp' to '../../../../../../Users/Ryan/Documents/Unreal Projects/TheOnioning/Content/Materials/Moe_MAT.uasset'
[2019.01.04-01.45.17:167][790]LogSlate: Window 'Moe_MAT' being destroyed
[2019.01.04-01.45.17:169][790]LogSlate: Window 'Moe_MAT' being destroyed
[2019.01.04-01.45.28:805][117]LogSavePackage: Moving '../../../../../../Users/Ryan/Documents/Unreal Projects/TheOnioning/Saved/PlayerMovementTEST_MAPE7579E9D4D3E600D74698E8E9FA455F8.tmp' to '../../../../../../Users/Ryan/Documents/Unreal Projects/TheOnioning/Content/Maps/Testing/PlayerMovementTEST_MAP.umap'
[2019.01.04-01.45.34:381][454]LogSlate: Window 'TheOnioning - Unreal Editor' being destroyed
[2019.01.04-01.45.34:382][454]LogWindowsTextInputMethodSystem: Display: IME system now deactivated.
[2019.01.04-01.45.34:686][455]Cmd: QUIT_EDITOR
[2019.01.04-01.45.35:041][455]LogExit: Preparing to exit.
[2019.01.04-01.45.35:533][455]LogExit: Editor shut down
[2019.01.04-01.45.35:533][455]LogExit: Transaction tracking system shut down
[2019.01.04-01.45.36:701][455]LogExit: Object subsystem successfully closed.
[2019.01.04-01.45.36:824][455]LogShaderCompilers: Display: Shaders left to compile 0
[2019.01.04-01.45.36:856][455]LogD3D11RHI: Shutdown
[2019.01.04-01.45.36:856][455]LogD3D11RHI: CleanupD3DDevice
[2019.01.04-01.45.36:920][455]LogD3D11RHI: ~FD3D11DynamicRHI
[2019.01.04-01.45.37:680][455]LogModuleManager: Shutting down and abandoning module MovieSceneCapture (614)
[2019.01.04-01.45.37:680][455]LogModuleManager: Shutting down and abandoning module Voice (612)
[2019.01.04-01.45.37:683][455]LogModuleManager: Shutting down and abandoning module StatsViewer (610)
[2019.01.04-01.45.37:686][455]LogModuleManager: Shutting down and abandoning module HierarchicalLODOutliner (608)
[2019.01.04-01.45.37:686][455]LogModuleManager: Shutting down and abandoning module SceneOutliner (606)
[2019.01.04-01.45.37:686][455]LogModuleManager: Shutting down and abandoning module AddContentDialog (604)
[2019.01.04-01.45.37:699][455]LogModuleManager: Shutting down and abandoning module WidgetCarousel (603)
[2019.01.04-01.45.37:699][455]LogModuleManager: Shutting down and abandoning module EditorWidgets (600)
[2019.01.04-01.45.37:699][455]LogModuleManager: Shutting down and abandoning module CollectionManager (598)
[2019.01.04-01.45.37:707][455]LogModuleManager: Shutting down and abandoning module FoliageEdit (596)
[2019.01.04-01.45.37:713][455]LogModuleManager: Shutting down and abandoning module LandscapeEditor (594)
[2019.01.04-01.45.37:729][455]LogModuleManager: Shutting down and abandoning module MeshPaintMode (592)
[2019.01.04-01.45.37:731][455]LogModuleManager: Shutting down and abandoning module SceneDepthPickerMode (590)
[2019.01.04-01.45.37:731][455]LogModuleManager: Shutting down and abandoning module ActorPickerMode (588)
[2019.01.04-01.45.37:731][455]LogModuleManager: Shutting down and abandoning module GeometryMode (586)
[2019.01.04-01.45.37:731][455]LogModuleManager: Shutting down and abandoning module TextureAlignMode (584)
[2019.01.04-01.45.37:731][455]LogModuleManager: Shutting down and abandoning module BspMode (582)
[2019.01.04-01.45.37:731][455]LogModuleManager: Shutting down and abandoning module PIEPreviewDeviceProfileSelector (580)
[2019.01.04-01.45.37:735][455]LogModuleManager: Shutting down and abandoning module SequenceRecorderSections (578)
[2019.01.04-01.45.37:740][455]LogModuleManager: Shutting down and abandoning module AutomationWorker (576)
[2019.01.04-01.45.37:740][455]LogModuleManager: Shutting down and abandoning module AudioCaptureEditor (574)
[2019.01.04-01.45.37:740][455]LogModuleManager: Shutting down and abandoning module SequenceRecorder (573)
[2019.01.04-01.45.37:749][455]LogModuleManager: Shutting down and abandoning module MatineeToLevelSequence (570)
[2019.01.04-01.45.37:759][455]LogModuleManager: Shutting down and abandoning module LevelSequenceEditor (568)
[2019.01.04-01.45.37:765][455]LogModuleManager: Shutting down and abandoning module PlacementMode (567)
[2019.01.04-01.45.37:765][455]LogModuleManager: Shutting down and abandoning module MaterialEditor (566)
[2019.01.04-01.45.37:765][455]LogModuleManager: Shutting down and abandoning module WmfMediaFactory (562)
[2019.01.04-01.45.37:765][455]LogModuleManager: Shutting down and abandoning module WmfMediaEditor (560)
[2019.01.04-01.45.37:765][455]LogModuleManager: Shutting down and abandoning module MediaPlayerEditor (558)
[2019.01.04-01.45.37:778][455]LogModuleManager: Shutting down and abandoning module OpenExrWrapper (556)
[2019.01.04-01.45.37:778][455]LogModuleManager: Shutting down and abandoning module ImgMediaFactory (554)
[2019.01.04-01.45.37:778][455]LogModuleManager: Shutting down and abandoning module ImgMediaEditor (552)
[2019.01.04-01.45.37:778][455]LogModuleManager: Shutting down and abandoning module AvfMediaFactory (550)
[2019.01.04-01.45.37:778][455]LogModuleManager: Shutting down and abandoning module AvfMediaEditor (548)
[2019.01.04-01.45.37:778][455]LogModuleManager: Shutting down and abandoning module AndroidMediaFactory (546)
[2019.01.04-01.45.37:778][455]LogModuleManager: Shutting down and abandoning module AndroidMediaEditor (544)
[2019.01.04-01.45.37:778][455]LogModuleManager: Shutting down and abandoning module MagicLeapCameraPreviewFactory (542)
[2019.01.04-01.45.37:778][455]LogModuleManager: Shutting down and abandoning module MagicLeapMediaFactory (540)
[2019.01.04-01.45.37:778][455]LogModuleManager: Shutting down and abandoning module MagicLeapMediaEditor (538)
[2019.01.04-01.45.37:778][455]LogModuleManager: Shutting down and abandoning module CharacterAI (536)
[2019.01.04-01.45.37:778][455]LogModuleManager: Shutting down and abandoning module SmartSnapping (534)
[2019.01.04-01.45.37:778][455]LogModuleManager: Shutting down and abandoning module SessionServices (532)
[2019.01.04-01.45.37:778][455]LogModuleManager: Shutting down and abandoning module ViewportSnapping (530)
[2019.01.04-01.45.37:778][455]LogModuleManager: Shutting down and abandoning module ViewportInteraction (528)
[2019.01.04-01.45.37:778][455]LogModuleManager: Shutting down and abandoning module ClothPainter (526)
[2019.01.04-01.45.37:797][455]LogModuleManager: Shutting down and abandoning module SkeletalMeshEditor (525)
[2019.01.04-01.45.37:811][455]LogModuleManager: Shutting down and abandoning module LogVisualizer (522)
[2019.01.04-01.45.37:822][455]LogModuleManager: Shutting down and abandoning module IntroTutorials (520)
[2019.01.04-01.45.37:839][455]LogModuleManager: Shutting down and abandoning module GameProjectGeneration (519)
[2019.01.04-01.45.37:844][455]LogModuleManager: Shutting down and abandoning module LuminPlatformEditor (516)
[2019.01.04-01.45.37:844][455]LogModuleManager: Shutting down and abandoning module IOSPlatformEditor (514)
[2019.01.04-01.45.37:855][455]LogModuleManager: Shutting down and abandoning module HTML5PlatformEditor (512)
[2019.01.04-01.45.37:855][455]LogModuleManager: Shutting down and abandoning module AndroidPlatformEditor (510)
[2019.01.04-01.45.37:855][455]LogModuleManager: Shutting down and abandoning module AndroidDeviceDetection (509)
[2019.01.04-01.45.37:969][455]LogModuleManager: Shutting down and abandoning module WindowsPlatformEditor (506)
[2019.01.04-01.45.37:969][455]LogModuleManager: Shutting down and abandoning module LuminRuntimeSettings (504)
[2019.01.04-01.45.37:969][455]LogModuleManager: Shutting down and abandoning module IOSRuntimeSettings (502)
[2019.01.04-01.45.37:969][455]LogModuleManager: Shutting down and abandoning module AndroidRuntimeSettings (500)
[2019.01.04-01.45.37:969][455]LogModuleManager: Shutting down and abandoning module InputBindingEditor (498)
[2019.01.04-01.45.37:974][455]LogModuleManager: Shutting down and abandoning module MergeActors (496)
[2019.01.04-01.45.37:993][455]LogModuleManager: Shutting down and abandoning module LocalizationDashboard (494)
[2019.01.04-01.45.38:001][455]LogModuleManager: Shutting down and abandoning module LocalizationService (493)
[2019.01.04-01.45.38:008][455]LogModuleManager: Shutting down and abandoning module HardwareTargeting (490)
[2019.01.04-01.45.38:008][455]LogModuleManager: Shutting down and abandoning module DeviceProfileEditor (488)
[2019.01.04-01.45.38:008][455]LogModuleManager: Shutting down and abandoning module UndoHistory (486)
[2019.01.04-01.45.38:021][455]LogModuleManager: Shutting down and abandoning module XmlParser (484)
[2019.01.04-01.45.38:021][455]LogModuleManager: Shutting down and abandoning module Blutility (482)
[2019.01.04-01.45.38:030][455]LogModuleManager: Shutting down and abandoning module ProjectSettingsViewer (480)
[2019.01.04-01.45.38:030][455]LogModuleManager: Shutting down and abandoning module ProjectTargetPlatformEditor (479)
[2019.01.04-01.45.38:030][455]LogModuleManager: Shutting down and abandoning module EditorSettingsViewer (476)
[2019.01.04-01.45.38:030][455]LogModuleManager: Shutting down and abandoning module SettingsEditor (474)
[2019.01.04-01.45.38:058][455]LogModuleManager: Shutting down and abandoning module ProjectLauncher (472)
[2019.01.04-01.45.38:068][455]LogModuleManager: Shutting down and abandoning module SessionFrontend (470)
[2019.01.04-01.45.38:070][455]LogModuleManager: Shutting down and abandoning module ProfilerClient (468)
[2019.01.04-01.45.38:082][455]LogModuleManager: Shutting down and abandoning module DeviceManager (466)
[2019.01.04-01.45.38:090][455]LogModuleManager: Shutting down and abandoning module TargetDeviceServices (465)
[2019.01.04-01.45.38:167][455]LogModuleManager: Shutting down and abandoning module AutomationController (462)
[2019.01.04-01.45.38:175][455]LogModuleManager: Shutting down and abandoning module AutomationWindow (460)
[2019.01.04-01.45.38:199][455]LogModuleManager: Shutting down and abandoning module Layers (458)
[2019.01.04-01.45.38:246][455]LogModuleManager: Shutting down and abandoning module ComponentVisualizers (456)
[2019.01.04-01.45.38:246][455]LogModuleManager: Shutting down and abandoning module DetailCustomizations (454)
[2019.01.04-01.45.38:298][455]LogModuleManager: Shutting down and abandoning module PackagesDialog (452)
[2019.01.04-01.45.38:299][455]LogModuleManager: Shutting down and abandoning module Persona (450)
[2019.01.04-01.45.38:396][455]LogModuleManager: Shutting down and abandoning module AdvancedPreviewScene (449)
[2019.01.04-01.45.38:396][455]LogModuleManager: Shutting down and abandoning module AnimGraph (447)
[2019.01.04-01.45.38:415][455]LogModuleManager: Shutting down and abandoning module Kismet (444)
[2019.01.04-01.45.38:450][455]LogModuleManager: Shutting down and abandoning module GraphEditor (442)
[2019.01.04-01.45.38:450][455]LogModuleManager: Shutting down and abandoning module ClassViewer (440)
[2019.01.04-01.45.38:450][455]LogModuleManager: Shutting down and abandoning module Toolbox (438)
[2019.01.04-01.45.38:450][455]LogModuleManager: Shutting down and abandoning module ModuleUI (436)
[2019.01.04-01.45.38:455][455]LogModuleManager: Shutting down and abandoning module MovieSceneTools (434)
[2019.01.04-01.45.38:477][455]LogModuleManager: Shutting down and abandoning module OutputLog (432)
[2019.01.04-01.45.38:477][455]LogModuleManager: Shutting down and abandoning module GammaUI (430)
[2019.01.04-01.45.38:493][455]LogModuleManager: Shutting down and abandoning module Documentation (428)
[2019.01.04-01.45.38:493][455]LogModuleManager: Shutting down and abandoning module MovieSceneTracks (426)
[2019.01.04-01.45.38:493][455]LogModuleManager: Shutting down and abandoning module MovieScene (424)
[2019.01.04-01.45.38:503][455]LogModuleManager: Shutting down and abandoning module StreamingPauseRendering (422)
[2019.01.04-01.45.38:512][455]LogModuleManager: Shutting down and abandoning module LauncherPlatform (420)
[2019.01.04-01.45.38:512][455]LogModuleManager: Shutting down and abandoning module AnalyticsET (418)
[2019.01.04-01.45.38:512][455]LogModuleManager: Shutting down and abandoning module PortalServices (416)
[2019.01.04-01.45.38:512][455]LogModuleManager: Shutting down and abandoning module PortalRpc (414)
[2019.01.04-01.45.38:512][455]LogModuleManager: Shutting down and abandoning module MessagingRpc (412)
[2019.01.04-01.45.38:512][455]LogModuleManager: Shutting down and abandoning module AIModule (410)
[2019.01.04-01.45.38:547][455]LogModuleManager: Shutting down and abandoning module GameplayDebugger (409)
[2019.01.04-01.45.38:562][455]LogModuleManager: Shutting down and abandoning module AITestSuite (407)
[2019.01.04-01.45.38:575][455]LogModuleManager: Shutting down and abandoning module NavigationSystem (405)
[2019.01.04-01.45.38:575][455]LogModuleManager: Shutting down and abandoning module DesktopPlatform (402)
[2019.01.04-01.45.38:575][455]LogModuleManager: Shutting down and abandoning module ProfilerService (400)
[2019.01.04-01.45.38:674][455]LogModuleManager: Shutting down and abandoning module TaskGraph (398)
[2019.01.04-01.45.38:697][455]LogModuleManager: Shutting down and abandoning module SteamVRController (396)
[2019.01.04-01.45.38:697][455]LogModuleManager: Shutting down and abandoning module ProceduralMeshComponentEditor (394)
[2019.01.04-01.45.38:697][455]LogModuleManager: Shutting down and abandoning module ProceduralMeshComponent (392)
[2019.01.04-01.45.38:705][455]LogModuleManager: Shutting down and abandoning module OculusInput (390)
[2019.01.04-01.45.38:706][455]LogModuleManager: Shutting down and abandoning module MobilePatchingUtils (388)
[2019.01.04-01.45.38:706][455]LogModuleManager: Shutting down and abandoning module EditableMesh (386)
[2019.01.04-01.45.38:709][455]LogModuleManager: Shutting down and abandoning module CustomMeshComponent (384)
[2019.01.04-01.45.38:710][455]LogModuleManager: Shutting down and abandoning module CableComponent (382)
[2019.01.04-01.45.38:710][455]LogModuleManager: Shutting down and abandoning module AudioCapture (380)
[2019.01.04-01.45.38:710][455]LogModuleManager: Shutting down and abandoning module ArchVisCharacter (378)
[2019.01.04-01.45.38:710][455]LogModuleManager: Shutting down and abandoning module AndroidPermission (376)
[2019.01.04-01.45.38:710][455]LogModuleManager: Shutting down and abandoning module NUTUnrealEngine4 (374)
[2019.01.04-01.45.38:710][455]LogModuleManager: Shutting down and abandoning module NetcodeUnitTest (372)
[2019.01.04-01.45.38:726][455]LogModuleManager: Shutting down and abandoning module MediaCompositingEditor (370)
[2019.01.04-01.45.38:726][455]LogModuleManager: Shutting down and abandoning module MediaCompositing (368)
[2019.01.04-01.45.38:726][455]LogModuleManager: Shutting down and abandoning module LinearTimecode (366)
[2019.01.04-01.45.38:726][455]LogModuleManager: Shutting down and abandoning module ImgMedia (364)
[2019.01.04-01.45.38:733][455]LogModuleManager: Shutting down and abandoning module HTML5Networking (362)
[2019.01.04-01.45.38:733][455]LogModuleManager: Shutting down and abandoning module GeometryCacheTracks (360)
[2019.01.04-01.45.38:734][455]LogModuleManager: Shutting down and abandoning module GeometryCacheSequencer (358)
[2019.01.04-01.45.38:734][455]LogModuleManager: Shutting down and abandoning module BackChannel (356)
[2019.01.04-01.45.38:748][455]LogModuleManager: Shutting down and abandoning module AppleVision (354)
[2019.01.04-01.45.38:748][455]LogModuleManager: Shutting down and abandoning module AppleImageUtils (352)
[2019.01.04-01.45.38:748][455]LogModuleManager: Shutting down and abandoning module AlembicImporter (350)
[2019.01.04-01.45.38:748][455]LogModuleManager: Shutting down and abandoning module AlembicLibrary (349)
[2019.01.04-01.45.38:748][455]LogModuleManager: Shutting down and abandoning module GeometryCache (348)
[2019.01.04-01.45.38:748][455]LogModuleManager: Shutting down and abandoning module GeometryCacheEd (347)
[2019.01.04-01.45.38:748][455]LogModuleManager: Shutting down and abandoning module DatasmithContentEditor (342)
[2019.01.04-01.45.38:752][455]LogModuleManager: Shutting down and abandoning module DatasmithContent (340)
[2019.01.04-01.45.38:752][455]LogModuleManager: Shutting down and abandoning module SpeedTreeImporter (338)
[2019.01.04-01.45.38:752][455]LogModuleManager: Shutting down and abandoning module PluginBrowser (336)
[2019.01.04-01.45.38:799][455]LogModuleManager: Shutting down and abandoning module MobileLauncherProfileWizard (334)
[2019.01.04-01.45.38:807][455]LogModuleManager: Shutting down and abandoning module PolygonModeling (332)
[2019.01.04-01.45.38:807][455]LogModuleManager: Shutting down and abandoning module MeshEditor (330)
[2019.01.04-01.45.38:825][455]LogModuleManager: Shutting down and abandoning module CryptoKeysOpenSSL (328)
[2019.01.04-01.45.38:827][455]LogModuleManager: Shutting down and abandoning module CryptoKeys (326)
[2019.01.04-01.45.38:827][455]LogModuleManager: Shutting down and abandoning module VisualStudioSourceCodeAccess (324)
[2019.01.04-01.45.38:827][455]LogModuleManager: Shutting down and abandoning module VisualStudioCodeSourceCodeAccess (322)
[2019.01.04-01.45.38:827][455]LogModuleManager: Shutting down and abandoning module UObjectPlugin (320)
[2019.01.04-01.45.38:827][455]LogModuleManager: Shutting down and abandoning module SubversionSourceControl (318)
[2019.01.04-01.45.38:831][455]LogModuleManager: Shutting down and abandoning module PerforceSourceControl (316)
[2019.01.04-01.45.38:852][455]LogModuleManager: Shutting down and abandoning module GitSourceControl (314)
[2019.01.04-01.45.38:861][455]LogModuleManager: Shutting down and abandoning module SourceControl (313)
[2019.01.04-01.45.38:869][455]LogModuleManager: Shutting down and abandoning module CLionSourceCodeAccess (310)
[2019.01.04-01.45.38:869][455]LogModuleManager: Shutting down and abandoning module LightPropagationVolumeEditor (308)
[2019.01.04-01.45.38:869][455]LogModuleManager: Shutting down and abandoning module PaperTiledImporter (306)
[2019.01.04-01.45.38:869][455]LogModuleManager: Shutting down and abandoning module PaperSpriteSheetImporter (304)
[2019.01.04-01.45.38:869][455]LogModuleManager: Shutting down and abandoning module Paper2DEditor (302)
[2019.01.04-01.45.38:880][455]LogModuleManager: Shutting down and abandoning module MeshPaint (301)
[2019.01.04-01.45.38:893][455]LogModuleManager: Shutting down and abandoning module RuntimePhysXCooking (298)
[2019.01.04-01.45.38:893][455]LogModuleManager: Shutting down and abandoning module PhysXVehiclesEditor (296)
[2019.01.04-01.45.38:893][455]LogModuleManager: Shutting down and abandoning module PhysXVehicles (294)
[2019.01.04-01.45.38:893][455]LogModuleManager: Shutting down and abandoning module OculusEditor (292)
[2019.01.04-01.45.38:919][455]LogModuleManager: Shutting down and abandoning module LocationServicesBPLibrary (290)
[2019.01.04-01.45.38:919][455]LogModuleManager: Shutting down and abandoning module ImmediatePhysicsEditor (288)
[2019.01.04-01.45.38:919][455]LogModuleManager: Shutting down and abandoning module ImmediatePhysics (286)
[2019.01.04-01.45.38:939][455]LogModuleManager: Shutting down and abandoning module ActorSequence (284)
[2019.01.04-01.45.38:940][455]LogModuleManager: Shutting down and abandoning module UdpMessaging (282)
[2019.01.04-01.45.39:040][455]LogModuleManager: Shutting down and abandoning module TcpMessaging (280)
[2019.01.04-01.45.39:155][455]LogModuleManager: Shutting down and abandoning module MagicLeapAudio (278)
[2019.01.04-01.45.39:155][455]LogModuleManager: Shutting down and abandoning module GameplayTagsEditor (276)
[2019.01.04-01.45.39:178][455]LogModuleManager: Shutting down and abandoning module FacialAnimationEditor (274)
[2019.01.04-01.45.39:178][455]LogModuleManager: Shutting down and abandoning module FacialAnimation (272)
[2019.01.04-01.45.39:178][455]LogModuleManager: Shutting down and abandoning module DataValidation (270)
[2019.01.04-01.45.39:178][455]LogModuleManager: Shutting down and abandoning module AssetManagerEditor (268)
[2019.01.04-01.45.39:192][455]LogModuleManager: Shutting down and abandoning module LevelEditor (267)
[2019.01.04-01.45.39:207][455]LogModuleManager: Shutting down and abandoning module PixelInspectorModule (266)
[2019.01.04-01.45.39:225][455]LogModuleManager: Shutting down and abandoning module CommonMenuExtensions (264)
[2019.01.04-01.45.39:225][455]LogModuleManager: Shutting down and abandoning module MainFrame (262)
[2019.01.04-01.45.39:229][455]LogModuleManager: Shutting down and abandoning module HotReload (261)
[2019.01.04-01.45.39:239][455]LogModuleManager: Shutting down and abandoning module ContentBrowser (257)
[2019.01.04-01.45.39:240][455]LogModuleManager: Shutting down and abandoning module TreeMap (255)
[2019.01.04-01.45.39:245][455]LogModuleManager: Shutting down and abandoning module LightPropagationVolumeRuntime (252)
[2019.01.04-01.45.39:245][455]LogModuleManager: Shutting down and abandoning module AISupportModule (250)
[2019.01.04-01.45.39:245][455]LogModuleManager: Shutting down and abandoning module Paper2D (248)
[2019.01.04-01.45.39:253][455]LogModuleManager: Shutting down and abandoning module WindowsMoviePlayer (246)
[2019.01.04-01.45.39:263][455]LogModuleManager: Shutting down and abandoning module WmfMedia (244)
[2019.01.04-01.45.39:274][455]LogModuleManager: Shutting down and abandoning module Media (243)
[2019.01.04-01.45.39:280][455]LogModuleManager: Shutting down and abandoning module PacketHandler (240)
[2019.01.04-01.45.39:280][455]LogModuleManager: Shutting down and abandoning module ClothingSystemEditor (238)
[2019.01.04-01.45.39:280][455]LogModuleManager: Shutting down and abandoning module ClothingSystemRuntime (236)
[2019.01.04-01.45.39:300][455]LogModuleManager: Shutting down and abandoning module MediaAssets (234)
[2019.01.04-01.45.39:300][455]LogModuleManager: Shutting down and abandoning module Overlay (232)
[2019.01.04-01.45.39:300][455]LogModuleManager: Shutting down and abandoning module OverlayEditor (231)
[2019.01.04-01.45.39:300][455]LogModuleManager: Shutting down and abandoning module VREditor (228)
[2019.01.04-01.45.39:311][455]LogModuleManager: Shutting down and abandoning module StringTableEditor (226)
[2019.01.04-01.45.39:320][455]LogModuleManager: Shutting down and abandoning module GameplayTasksEditor (224)
[2019.01.04-01.45.39:320][455]LogModuleManager: Shutting down and abandoning module BehaviorTreeEditor (222)
[2019.01.04-01.45.39:331][455]LogModuleManager: Shutting down and abandoning module FunctionalTesting (220)
[2019.01.04-01.45.39:341][455]LogModuleManager: Shutting down and abandoning module CollisionAnalyzer (218)
[2019.01.04-01.45.39:351][455]LogModuleManager: Shutting down and abandoning module WorkspaceMenuStructure (217)
[2019.01.04-01.45.39:351][455]LogModuleManager: Shutting down and abandoning module UMG (214)
[2019.01.04-01.45.39:355][455]LogModuleManager: Shutting down and abandoning module UMGEditor (213)
[2019.01.04-01.45.39:374][455]LogModuleManager: Shutting down and abandoning module Sequencer (212)
[2019.01.04-01.45.39:388][455]LogModuleManager: Shutting down and abandoning module MessageLog (209)
[2019.01.04-01.45.39:388][455]LogModuleManager: Shutting down and abandoning module SlateReflector (204)
[2019.01.04-01.45.39:441][455]LogModuleManager: Shutting down and abandoning module Slate (202)
[2019.01.04-01.45.39:442][455]LogModuleManager: Shutting down and abandoning module EditorStyle (200)
[2019.01.04-01.45.39:443][455]LogModuleManager: Shutting down and abandoning module MRMesh (198)
[2019.01.04-01.45.39:449][455]LogModuleManager: Shutting down and abandoning module SourceCodeAccess (196)
[2019.01.04-01.45.39:449][455]LogModuleManager: Shutting down and abandoning module HeadMountedDisplay (194)
[2019.01.04-01.45.39:449][455]LogModuleManager: Shutting down and abandoning module XAudio2 (192)
[2019.01.04-01.45.39:449][455]LogModuleManager: Shutting down and abandoning module Networking (190)
[2019.01.04-01.45.39:449][455]LogModuleManager: Shutting down and abandoning module Core (188)
[2019.01.04-01.45.39:449][455]LogModuleManager: Shutting down and abandoning module LevelSequence (186)
[2019.01.04-01.45.39:449][455]LogModuleManager: Shutting down and abandoning module KismetCompiler (184)
[2019.01.04-01.45.39:449][455]LogModuleManager: Shutting down and abandoning module MeshUtilities (182)
[2019.01.04-01.45.39:455][455]LogModuleManager: Shutting down and abandoning module MeshMergeUtilities (181)
[2019.01.04-01.45.39:464][455]LogModuleManager: Shutting down and abandoning module MeshReductionInterface (180)
[2019.01.04-01.45.39:464][455]LogModuleManager: Shutting down and abandoning module SimplygonSwarm (179)
[2019.01.04-01.45.39:471][455]LogModuleManager: Shutting down and abandoning module ProxyLODMeshReduction (177)
[2019.01.04-01.45.39:479][455]LogModuleManager: Shutting down and abandoning module SimplygonMeshReduction (175)
[2019.01.04-01.45.39:479][455]LogModuleManager: Shutting down and abandoning module QuadricMeshReduction (173)
[2019.01.04-01.45.39:485][455]LogModuleManager: Shutting down and abandoning module MaterialBaking (169)
[2019.01.04-01.45.39:491][455]LogModuleManager: Shutting down and abandoning module DirectoryWatcher (165)
[2019.01.04-01.45.39:491][455]LogModuleManager: Shutting down and abandoning module DerivedDataCache (162)
[2019.01.04-01.45.39:527][455]LogDerivedDataCache: Shutdown
[2019.01.04-01.45.39:527][455]LogModuleManager: Shutting down and abandoning module XGEController (160)
[2019.01.04-01.45.39:527][455]LogXGEController: Cleaning working directory: C:/Users/Ryan/AppData/Local/Temp/UnrealXGEWorkingDir/
[2019.01.04-01.45.39:542][455]LogModuleManager: Shutting down and abandoning module TargetPlatform (158)
[2019.01.04-01.45.39:542][455]LogModuleManager: Shutting down and abandoning module VulkanShaderFormat (157)
[2019.01.04-01.45.39:558][455]LogModuleManager: Shutting down and abandoning module ShaderFormatVectorVM (155)
[2019.01.04-01.45.39:566][455]LogModuleManager: Shutting down and abandoning module ShaderFormatOpenGL (153)
[2019.01.04-01.45.39:568][455]LogModuleManager: Shutting down and abandoning module ShaderFormatD3D (151)
[2019.01.04-01.45.39:568][455]LogModuleManager: Shutting down and abandoning module MetalShaderFormat (149)
[2019.01.04-01.45.39:575][455]LogModuleManager: Shutting down and abandoning module TextureFormatUncompressed (147)
[2019.01.04-01.45.39:575][455]LogModuleManager: Shutting down and abandoning module TextureFormatPVR (145)
[2019.01.04-01.45.39:575][455]LogModuleManager: Shutting down and abandoning module TextureFormatDXT (143)
[2019.01.04-01.45.39:582][455]LogModuleManager: Shutting down and abandoning module TextureFormatIntelISPCTexComp (141)
[2019.01.04-01.45.39:585][455]LogModuleManager: Shutting down and abandoning module TextureFormatASTC (139)
[2019.01.04-01.45.39:585][455]LogModuleManager: Shutting down and abandoning module ImageWrapper (138)
[2019.01.04-01.45.39:585][455]LogModuleManager: Shutting down and abandoning module TextureFormatAndroid (135)
[2019.01.04-01.45.39:585][455]LogModuleManager: Shutting down and abandoning module AudioFormatOpus (133)
[2019.01.04-01.45.39:585][455]LogModuleManager: Shutting down and abandoning module AudioFormatOgg (131)
[2019.01.04-01.45.39:585][455]LogModuleManager: Shutting down and abandoning module AudioFormatADPCM (129)
[2019.01.04-01.45.39:585][455]LogModuleManager: Shutting down and abandoning module LuminTargetPlatform (127)
[2019.01.04-01.45.39:585][455]LogModuleManager: Shutting down and abandoning module LinuxTargetPlatform (125)
[2019.01.04-01.45.39:585][455]LogModuleManager: Shutting down and abandoning module LinuxServerTargetPlatform (123)
[2019.01.04-01.45.39:585][455]LogModuleManager: Shutting down and abandoning module LinuxNoEditorTargetPlatform (121)
[2019.01.04-01.45.39:605][455]LogModuleManager: Shutting down and abandoning module LinuxClientTargetPlatform (119)
[2019.01.04-01.45.39:608][455]LogModuleManager: Shutting down and abandoning module TVOSTargetPlatform (117)
[2019.01.04-01.45.39:609][455]LogModuleManager: Shutting down and abandoning module Messaging (115)
[2019.01.04-01.45.39:609][455]LogModuleManager: Shutting down and abandoning module IOSTargetPlatform (113)
[2019.01.04-01.45.39:610][455]LogModuleManager: Shutting down and abandoning module HTML5TargetPlatform (111)
[2019.01.04-01.45.39:610][455]LogModuleManager: Shutting down and abandoning module AndroidTargetPlatform (109)
[2019.01.04-01.45.39:618][455]LogModuleManager: Shutting down and abandoning module WindowsTargetPlatform (107)
[2019.01.04-01.45.39:618][455]LogModuleManager: Shutting down and abandoning module WindowsServerTargetPlatform (105)
[2019.01.04-01.45.39:618][455]LogModuleManager: Shutting down and abandoning module WindowsNoEditorTargetPlatform (103)
[2019.01.04-01.45.39:618][455]LogModuleManager: Shutting down and abandoning module WindowsClientTargetPlatform (101)
[2019.01.04-01.45.39:618][455]LogModuleManager: Shutting down and abandoning module MacTargetPlatform (99)
[2019.01.04-01.45.39:618][455]LogModuleManager: Shutting down and abandoning module MacServerTargetPlatform (97)
[2019.01.04-01.45.39:618][455]LogModuleManager: Shutting down and abandoning module MacNoEditorTargetPlatform (95)
[2019.01.04-01.45.39:618][455]LogModuleManager: Shutting down and abandoning module MacClientTargetPlatform (93)
[2019.01.04-01.45.39:618][455]LogModuleManager: Shutting down and abandoning module AllDesktopTargetPlatform (91)
[2019.01.04-01.45.39:618][455]LogModuleManager: Shutting down and abandoning module InputCore (88)
[2019.01.04-01.45.39:618][455]LogModuleManager: Shutting down and abandoning module Settings (86)
[2019.01.04-01.45.39:618][455]LogModuleManager: Shutting down and abandoning module PhysXCooking (84)
[2019.01.04-01.45.39:618][455]LogModuleManager: Shutting down and abandoning module SteamVR (82)
[2019.01.04-01.45.39:618][455]LogModuleManager: Shutting down and abandoning module OculusHMD (80)
[2019.01.04-01.45.39:627][455]LogModuleManager: Shutting down and abandoning module ExampleDeviceProfileSelector (78)
[2019.01.04-01.45.39:627][455]LogModuleManager: Shutting down and abandoning module LauncherChunkInstaller (76)
[2019.01.04-01.45.39:627][455]LogModuleManager: Shutting down and abandoning module OnlineBlueprintSupport (74)
[2019.01.04-01.45.39:627][455]LogModuleManager: Shutting down and abandoning module OnlineSubsystem (70)
[2019.01.04-01.45.39:637][455]LogModuleManager: Shutting down and abandoning module XMPP (65)
[2019.01.04-01.45.39:655][455]LogModuleManager: Shutting down and abandoning module WebSockets (64)
[2019.01.04-01.45.39:690][455]LogModuleManager: Shutting down and abandoning module HTTP (61)
[2019.01.04-01.45.39:690][455]LogHttp: Display: Http module shutting down, but needs to wait on 1 outstanding Http requests:
[2019.01.04-01.45.39:690][455]LogHttp: Display: 	verb=[POST] url=[https://datarouter.ol.epicgames.com/datarouter/api/v1/public/data?SessionID=%7BE2F21EDC-439C-3331-F1E9-71883025D4E5%7D&AppID=UEEditor.Rocket.Release&AppVersion=4.20.3-4369336%2B%2B%2BUE4%2BRelease-4.20&UserID=c1a644d34fd2bf148c472c8dce102145%7Cfca6da8878e34404b63a1f9a2d2e697f%7C42d26ed7-d8b8-47ce-be26-b4544398f131&AppEnvironment=datacollector-binary&UploadType=eteventstream] status=Processing
[2019.01.04-01.45.39:701][455]LogModuleManager: Shutting down and abandoning module SSL (60)
[2019.01.04-01.45.39:711][455]LogModuleManager: Shutting down and abandoning module MagicLeapEmulator (56)
[2019.01.04-01.45.39:711][455]LogModuleManager: Shutting down and abandoning module MagicLeapPrivileges (54)
[2019.01.04-01.45.39:711][455]LogModuleManager: Shutting down and abandoning module MagicLeapIdentity (52)
[2019.01.04-01.45.39:711][455]LogModuleManager: Shutting down and abandoning module MagicLeapHelperVulkan (50)
[2019.01.04-01.45.39:711][455]LogModuleManager: Shutting down and abandoning module MagicLeapHelperOpenGL (48)
[2019.01.04-01.45.39:711][455]LogModuleManager: Shutting down and abandoning module MagicLeapSecureStorage (46)
[2019.01.04-01.45.39:711][455]LogModuleManager: Shutting down and abandoning module MagicLeapGestures (44)
[2019.01.04-01.45.39:711][455]LogModuleManager: Shutting down and abandoning module MagicLeapEyeTracker (42)
[2019.01.04-01.45.39:711][455]LogModuleManager: Shutting down and abandoning module MagicLeapController (40)
[2019.01.04-01.45.39:712][455]LogSlate: Slate User Destroyed.  User Index 0, Is Virtual User: 0
[2019.01.04-01.45.39:712][455]LogModuleManager: Shutting down and abandoning module MagicLeap (38)
[2019.01.04-01.45.39:712][455]LogModuleManager: Shutting down and abandoning module AnimationModifiers (36)
[2019.01.04-01.45.39:738][455]LogModuleManager: Shutting down and abandoning module PropertyEditor (35)
[2019.01.04-01.45.39:738][455]LogModuleManager: Shutting down and abandoning module AudioEditor (32)
[2019.01.04-01.45.39:761][455]LogModuleManager: Shutting down and abandoning module TextureCompressor (30)
[2019.01.04-01.45.39:783][455]LogModuleManager: Shutting down and abandoning module ShaderCore (28)
[2019.01.04-01.45.39:783][455]LogModuleManager: Shutting down and abandoning module Landscape (26)
[2019.01.04-01.45.39:783][455]LogModuleManager: Shutting down and abandoning module SlateRHIRenderer (24)
[2019.01.04-01.45.39:793][455]LogModuleManager: Shutting down and abandoning module OpenGLDrv (22)
[2019.01.04-01.45.39:798][455]LogModuleManager: Shutting down and abandoning module D3D11RHI (20)
[2019.01.04-01.45.39:798][455]LogModuleManager: Shutting down and abandoning module AnimGraphRuntime (18)
[2019.01.04-01.45.39:802][455]LogModuleManager: Shutting down and abandoning module Renderer (16)
[2019.01.04-01.45.39:802][455]LogModuleManager: Shutting down and abandoning module Engine (14)
[2019.01.04-01.45.39:802][455]LogModuleManager: Shutting down and abandoning module CoreUObject (12)
[2019.01.04-01.45.39:802][455]LogModuleManager: Shutting down and abandoning module NetworkFile (10)
[2019.01.04-01.45.39:807][455]LogModuleManager: Shutting down and abandoning module CookedIterativeFile (8)
[2019.01.04-01.45.39:807][455]LogModuleManager: Shutting down and abandoning module StreamingFile (6)
[2019.01.04-01.45.39:815][455]LogModuleManager: Shutting down and abandoning module SandboxFile (4)
[2019.01.04-01.45.39:816][455]LogModuleManager: Shutting down and abandoning module PakFile (2)
[2019.01.04-01.45.39:840][455]LogExit: Exiting.
[2019.01.04-01.45.39:849][455]Log file closed, 01/03/19 17:45:39
