Log file open, 01/06/19 18:34:26
LogWindows: Failed to load 'aqProf.dll' (GetLastError=126)
LogWindows: File 'aqProf.dll' does not exist
LogWindows: Failed to load 'VSPerf140.dll' (GetLastError=126)
LogWindows: File 'VSPerf140.dll' does not exist
LogWindows: Failed to load 'VtuneApi.dll' (GetLastError=126)
LogWindows: File 'VtuneApi.dll' does not exist
LogWindows: Failed to load 'VtuneApi32e.dll' (GetLastError=126)
LogWindows: File 'VtuneApi32e.dll' does not exist
LogInit: Display: Running engine for game: TheOnioning
LogPlatformFile: Not using cached read wrapper
LogTaskGraph: Started task graph with 5 named threads and 35 total threads with 3 sets of task threads.
LogStats: Stats thread started at 3.193652
LogD3D11RHI: Loaded GFSDK_Aftermath_Lib.x64.dll
LogICUInternationalization: Display: ICU TimeZone Detection - Raw Offset: -8:00, Platform Override: ''
LogPluginManager: Mounting plugin Paper2D
LogPluginManager: Mounting plugin AISupport
LogPluginManager: Mounting plugin LightPropagationVolume
LogPluginManager: Mounting plugin CLionSourceCodeAccess
LogPluginManager: Mounting plugin CodeLiteSourceCodeAccess
LogPluginManager: Mounting plugin GitSourceControl
LogPluginManager: Mounting plugin KDevelopSourceCodeAccess
LogPluginManager: Mounting plugin NullSourceCodeAccess
LogPluginManager: Mounting plugin PerforceSourceControl
LogPluginManager: Mounting plugin SubversionSourceControl
LogPluginManager: Mounting plugin UObjectPlugin
LogPluginManager: Mounting plugin VisualStudioCodeSourceCodeAccess
LogPluginManager: Mounting plugin VisualStudioSourceCodeAccess
LogPluginManager: Mounting plugin XCodeSourceCodeAccess
LogPluginManager: Mounting plugin AssetManagerEditor
LogPluginManager: Mounting plugin CryptoKeys
LogPluginManager: Mounting plugin DataValidation
LogPluginManager: Mounting plugin FacialAnimation
LogPluginManager: Mounting plugin GameplayTagsEditor
LogPluginManager: Mounting plugin MacGraphicsSwitching
LogPluginManager: Mounting plugin MeshEditor
LogPluginManager: Mounting plugin MobileLauncherProfileWizard
LogPluginManager: Mounting plugin PluginBrowser
LogPluginManager: Mounting plugin SpeedTreeImporter
LogPluginManager: Mounting plugin DatasmithContent
LogPluginManager: Mounting plugin AlembicImporter
LogPluginManager: Mounting plugin AppleImageUtils
LogPluginManager: Mounting plugin AppleVision
LogPluginManager: Mounting plugin BackChannel
LogPluginManager: Mounting plugin CharacterAI
LogPluginManager: Mounting plugin GeometryCache
LogPluginManager: Mounting plugin HTML5Networking
LogPluginManager: Mounting plugin ProxyLODPlugin
LogPluginManager: Mounting plugin MagicLeap
LogPluginManager: Mounting plugin MagicLeapEmulator
LogPluginManager: Mounting plugin MagicLeapMedia
LogPluginManager: Mounting plugin AndroidMedia
LogPluginManager: Mounting plugin AvfMedia
LogPluginManager: Mounting plugin ImgMedia
LogPluginManager: Mounting plugin LinearTimecode
LogPluginManager: Mounting plugin MediaCompositing
LogPluginManager: Mounting plugin MediaPlayerEditor
LogPluginManager: Mounting plugin WmfMedia
LogPluginManager: Mounting plugin TcpMessaging
LogPluginManager: Mounting plugin UdpMessaging
LogPluginManager: Mounting plugin ActorSequence
LogPluginManager: Mounting plugin LevelSequenceEditor
LogPluginManager: Mounting plugin MatineeToLevelSequence
LogPluginManager: Mounting plugin NetcodeUnitTest
LogPluginManager: Mounting plugin NUTUnrealEngine4
LogPluginManager: Mounting plugin OnlineSubsystemGooglePlay
LogPluginManager: Mounting plugin OnlineSubsystemIOS
LogPluginManager: Mounting plugin OnlineSubsystem
LogPluginManager: Mounting plugin OnlineSubsystemNull
LogPluginManager: Mounting plugin OnlineSubsystemUtils
LogPluginManager: Mounting plugin LauncherChunkInstaller
LogPluginManager: Mounting plugin AndroidDeviceProfileSelector
LogPluginManager: Mounting plugin AndroidMoviePlayer
LogPluginManager: Mounting plugin AndroidPermission
LogPluginManager: Mounting plugin AppleMoviePlayer
LogPluginManager: Mounting plugin ArchVisCharacter
LogPluginManager: Mounting plugin AudioCapture
LogPluginManager: Mounting plugin CableComponent
LogPluginManager: Mounting plugin CustomMeshComponent
LogPluginManager: Mounting plugin EditableMesh
LogPluginManager: Mounting plugin ExampleDeviceProfileSelector
LogPluginManager: Mounting plugin GoogleCloudMessaging
LogPluginManager: Mounting plugin ImmediatePhysics
LogPluginManager: Mounting plugin IOSDeviceProfileSelector
LogPluginManager: Mounting plugin LinuxDeviceProfileSelector
LogPluginManager: Mounting plugin LocationServicesBPLibrary
LogPluginManager: Mounting plugin MobilePatchingUtils
LogPluginManager: Mounting plugin OculusVR
LogPluginManager: Plugin shader directory ../../../Engine/Plugins/Runtime/Oculus/OculusVR/Shaders found
LogPluginManager: Mapping shader source directory ../../../Engine/Plugins/Runtime/Oculus/OculusVR/Shaders to virtual directory /Plugin/OculusVR
LogPluginManager: Mounting plugin PhysXVehicles
LogPluginManager: Mounting plugin ProceduralMeshComponent
LogPluginManager: Mounting plugin RuntimePhysXCooking
LogPluginManager: Mounting plugin SteamVR
LogPluginManager: Mounting plugin WindowsMoviePlayer
LogStreaming: Display: Took  0.557s to configure plugins.
LogInit: Using libcurl 7.55.1-DEV
LogInit:  - built for x86_64-pc-win32
LogInit:  - supports SSL with OpenSSL/1.0.2h
LogInit:  - supports HTTP deflate (compression) using libz 1.2.8
LogInit:  - other features:
LogInit:      CURL_VERSION_SSL
LogInit:      CURL_VERSION_LIBZ
LogInit:      CURL_VERSION_IPV6
LogInit:      CURL_VERSION_ASYNCHDNS
LogInit:      CURL_VERSION_LARGEFILE
LogInit:      CURL_VERSION_IDN
LogInit:  CurlRequestOptions (configurable via config and command line):
LogInit:  - bVerifyPeer = false  - Libcurl will NOT verify peer certificate
LogInit:  - bUseHttpProxy = false  - Libcurl will NOT use HTTP proxy
LogInit:  - bDontReuseConnections = false  - Libcurl will reuse connections
LogInit:  - CertBundlePath = nullptr  - Libcurl will use whatever was configured at build time.
LogInit:  - MaxHostConnections = 16  - Libcurl will limit the number of connections to a host
LogInit:  - LocalHostAddr = Default
LogInit:  - BufferSize = 65536
LogInit: WinSock: version 1.1 (2.2), MaxSocks=32767, MaxUdp=65467
LogInit: Build: ++UE4+Release-4.20-CL-4369336
LogInit: Engine Version: 4.20.3-4369336+++UE4+Release-4.20
LogInit: Compatible Engine Version: 4.20.0-4212847+++UE4+Release-4.20
LogInit: Net CL: 4212847
LogInit: OS: Windows 10 (), CPU: Intel(R) Core(TM) i7-5820K CPU @ 3.30GHz, GPU: NVIDIA GeForce GTX 970
LogInit: Compiled (64-bit): Sep 17 2018 12:26:19
LogInit: Compiled with Visual C++: 19.13.26129.00
LogInit: Build Configuration: Development
LogInit: Branch Name: ++UE4+Release-4.20
LogInit: Command Line:  
LogInit: Base Directory: C:/Program Files/Epic Games/UE_4.20/Engine/Binaries/Win64/
LogInit: Installed Engine Build: 1
LogDevObjectVersion: Number of dev versions registered: 20
LogDevObjectVersion:   Dev-Blueprints (B0D832E4-1F89-4F0D-ACCF-7EB736FD4AA2): 10
LogDevObjectVersion:   Dev-Build (E1C64328-A22C-4D53-A36C-8E866417BD8C): 0
LogDevObjectVersion:   Dev-Core (375EC13C-06E4-48FB-B500-84F0262A717E): 2
LogDevObjectVersion:   Dev-Editor (E4B068ED-F494-42E9-A231-DA0B2E46BB41): 24
LogDevObjectVersion:   Dev-Framework (CFFC743F-43B0-4480-9391-14DF171D2073): 34
LogDevObjectVersion:   Dev-Mobile (B02B49B5-BB20-44E9-A304-32B752E40360): 2
LogDevObjectVersion:   Dev-Networking (A4E4105C-59A1-49B5-A7C5-40C4547EDFEE): 0
LogDevObjectVersion:   Dev-Online (39C831C9-5AE6-47DC-9A44-9C173E1C8E7C): 0
LogDevObjectVersion:   Dev-Physics (78F01B33-EBEA-4F98-B9B4-84EACCB95AA2): 0
LogDevObjectVersion:   Dev-Platform (6631380F-2D4D-43E0-8009-CF276956A95A): 0
LogDevObjectVersion:   Dev-Rendering (12F88B9F-8875-4AFC-A67C-D90C383ABD29): 26
LogDevObjectVersion:   Dev-Sequencer (7B5AE74C-D270-4C10-A958-57980B212A5A): 9
LogDevObjectVersion:   Dev-VR (D7296918-1DD6-4BDD-9DE2-64A83CC13884): 2
LogDevObjectVersion:   Dev-LoadTimes (C2A15278-BFE7-4AFE-6C17-90FF531DF755): 1
LogDevObjectVersion:   Private-Geometry (6EACA3D4-40EC-4CC1-B786-8BED09428FC5): 3
LogDevObjectVersion:   Dev-AnimPhys (29E575DD-E0A3-4627-9D10-D276232CDCEA): 17
LogDevObjectVersion:   Dev-ReflectionCapture (6B266CEC-1EC7-4B8F-A30B-E4D90942FC07): 1
LogDevObjectVersion:   Dev-Automation (0DF73D61-A23F-47EA-B727-89E90C41499A): 1
LogDevObjectVersion:   FortniteMain (601D1886-AC64-4F84-AA16-D3DE0DEAC7D6): 12
LogDevObjectVersion:   Dev-Enterprise (9DFFBCD6-494F-0158-E221-12823C92A888): 1
LogStreaming: Display: Took  0.042s to delete old logs.
LogInit: Presizing for max 8388607 objects, including 0 objects not considered by GC, pre-allocating 0 bytes for permanent pool.
LogInit: Object subsystem initialized
[2019.01.07-02.34.29:417][  0]LogInit: Selected Device Profile: [Windows]
[2019.01.07-02.34.29:417][  0]LogInit: Applying CVar settings loaded from the selected device profile: [Windows]
[2019.01.07-02.34.29:484][  0]LogHAL: Display: Platform has ~ 8 GB [8496615424 / 8589934592 / 8], which maps to Default [LargestMinGB=32, LargerMinGB=12, DefaultMinGB=8, SmallerMinGB=6, SmallestMinGB=0)
[2019.01.07-02.34.29:489][  0]LogInit: Setting Device Profile CVar: [[r.Vulkan.UseRealUBs:1]]
[2019.01.07-02.34.29:489][  0]LogInit: Going up to parent DeviceProfile []
[2019.01.07-02.34.29:549][  0]LogInit: Computer: DESKTOP-ODLAD0V
[2019.01.07-02.34.29:549][  0]LogInit: User: Ryan
[2019.01.07-02.34.29:549][  0]LogInit: CPU Page size=4096, Cores=6
[2019.01.07-02.34.29:549][  0]LogInit: High frequency timer resolution =3.220792 MHz
[2019.01.07-02.34.29:549][  0]LogMemory: Memory total: Physical=7.9GB (8GB approx)
[2019.01.07-02.34.29:549][  0]LogMemory: Platform Memory Stats for Windows
[2019.01.07-02.34.29:549][  0]LogMemory: Process Physical Memory: 100.82 MB used, 100.82 MB peak
[2019.01.07-02.34.29:549][  0]LogMemory: Process Virtual Memory: 92.35 MB used, 92.35 MB peak
[2019.01.07-02.34.29:549][  0]LogMemory: Physical Memory: 4883.62 MB used,  3219.38 MB free, 8103.00 MB total
[2019.01.07-02.34.29:549][  0]LogMemory: Virtual Memory: 4659.18 MB used,  3219.38 MB free, 134217728.00 MB total
[2019.01.07-02.34.30:333][  0]LogInit: Using OS detected language (en-US).
[2019.01.07-02.34.30:333][  0]LogInit: Using OS detected locale (en-US).
[2019.01.07-02.34.30:391][  0]LogTextLocalizationManager: No specific localization for 'en-US' exists, so the 'en' localization will be used.
[2019.01.07-02.34.31:479][  0]LogStreaming: Display: Took  1.134s to InitEngineTextLocalization.
[2019.01.07-02.34.31:490][  0]LogInit: Setting process to per monitor DPI aware
[2019.01.07-02.34.32:037][  0]LogSlate: New Slate User Created.  User Index 0, Is Virtual User: 0
[2019.01.07-02.34.32:037][  0]LogSlate: Slate User Registered.  User Index 0, Is Virtual User: 0
[2019.01.07-02.34.35:338][  0]LogHMD: Failed to initialize OpenVR with code 110
[2019.01.07-02.34.35:338][  0]LogD3D11RHI: D3D11 adapters:
[2019.01.07-02.34.35:413][  0]LogD3D11RHI:    0. 'NVIDIA GeForce GTX 970' (Feature Level 11_0)
[2019.01.07-02.34.35:413][  0]LogD3D11RHI:       4043/0/4051 MB DedicatedVideo/DedicatedSystem/SharedSystem, Outputs:2, VendorId:0x10de
[2019.01.07-02.34.35:416][  0]LogD3D11RHI:    1. 'Microsoft Basic Render Driver' (Feature Level 11_0)
[2019.01.07-02.34.35:416][  0]LogD3D11RHI:       0/0/4051 MB DedicatedVideo/DedicatedSystem/SharedSystem, Outputs:0, VendorId:0x1414
[2019.01.07-02.34.35:416][  0]LogD3D11RHI: Chosen D3D11 Adapter: 0
[2019.01.07-02.34.35:473][  0]LogD3D11RHI: Creating new Direct3DDevice
[2019.01.07-02.34.35:474][  0]LogD3D11RHI:     GPU DeviceId: 0x13c2 (for the marketing name, search the web for "GPU Device Id")
[2019.01.07-02.34.35:485][  0]LogWindows: EnumDisplayDevices:
[2019.01.07-02.34.35:485][  0]LogWindows:    0. 'NVIDIA GeForce GTX 970' (P:1 D:1)
[2019.01.07-02.34.35:485][  0]LogWindows:    1. 'NVIDIA GeForce GTX 970' (P:0 D:1)
[2019.01.07-02.34.35:486][  0]LogWindows:    2. 'NVIDIA GeForce GTX 970' (P:0 D:0)
[2019.01.07-02.34.35:486][  0]LogWindows:    3. 'NVIDIA GeForce GTX 970' (P:0 D:0)
[2019.01.07-02.34.35:486][  0]LogWindows: DebugString: FoundDriverCount:4 
[2019.01.07-02.34.35:486][  0]LogD3D11RHI:     Adapter Name: NVIDIA GeForce GTX 970
[2019.01.07-02.34.35:486][  0]LogD3D11RHI:   Driver Version: 399.07 (internal:24.21.13.9907, unified:399.07)
[2019.01.07-02.34.35:486][  0]LogD3D11RHI:      Driver Date: 8-21-2018
[2019.01.07-02.34.35:486][  0]LogRHI: Texture pool is 2830 MB (70% of 4043 MB)
[2019.01.07-02.34.35:591][  0]LogD3D11RHI: Async texture creation enabled
[2019.01.07-02.34.35:850][  0]LogD3D11RHI: GPU Timing Frequency: 1000.000000 (Debug: 2 2)
[2019.01.07-02.34.35:952][  0]LogShaderCompilers: Guid format shader working directory is -28 characters bigger than the processId version (../../../../../../Users/Ryan/Documents/GitHub/TheOnioning2019/TheOnioning/Intermediate/Shaders/WorkingDirectory/6768/).
[2019.01.07-02.34.35:952][  0]LogShaderCompilers: Cleaned the shader compiler working directory 'C:/Users/Ryan/AppData/Local/Temp/UnrealShaderWorkingDir/F9E0BB4A4C91D2F6E6AA00B18D6FDD13/'.
[2019.01.07-02.34.37:284][  0]LogTemp: Display: Loaded TP AllDesktopTargetPlatform
[2019.01.07-02.34.37:311][  0]LogTemp: Display: Loaded TP MacClientTargetPlatform
[2019.01.07-02.34.37:362][  0]LogTemp: Display: Loaded TP MacNoEditorTargetPlatform
[2019.01.07-02.34.37:391][  0]LogTemp: Display: Loaded TP MacServerTargetPlatform
[2019.01.07-02.34.37:427][  0]LogTemp: Display: Loaded TP MacTargetPlatform
[2019.01.07-02.34.37:464][  0]LogTemp: Display: Loaded TP WindowsClientTargetPlatform
[2019.01.07-02.34.37:481][  0]LogTemp: Display: Loaded TP WindowsNoEditorTargetPlatform
[2019.01.07-02.34.37:499][  0]LogTemp: Display: Loaded TP WindowsServerTargetPlatform
[2019.01.07-02.34.37:509][  0]LogTemp: Display: Loaded TP WindowsTargetPlatform
[2019.01.07-02.34.37:652][  0]LogTemp: Display: Loaded TP AndroidTargetPlatform
[2019.01.07-02.34.37:652][  0]LogTemp: Display: Loaded TP AndroidTargetPlatform
[2019.01.07-02.34.37:653][  0]LogTemp: Display: Loaded TP AndroidTargetPlatform
[2019.01.07-02.34.37:653][  0]LogTemp: Display: Loaded TP AndroidTargetPlatform
[2019.01.07-02.34.37:653][  0]LogTemp: Display: Loaded TP AndroidTargetPlatform
[2019.01.07-02.34.37:653][  0]LogTemp: Display: Loaded TP AndroidTargetPlatform
[2019.01.07-02.34.37:653][  0]LogTemp: Display: Loaded TP AndroidTargetPlatform
[2019.01.07-02.34.37:653][  0]LogTemp: Display: Loaded TP AndroidTargetPlatform
[2019.01.07-02.34.37:653][  0]LogTemp: Display: Loaded TP AndroidTargetPlatform
[2019.01.07-02.34.37:653][  0]LogTemp: Display: Loaded TP AndroidTargetPlatform
[2019.01.07-02.34.37:653][  0]LogTemp: Display: Loaded TP AndroidTargetPlatform
[2019.01.07-02.34.37:653][  0]LogTemp: Display: Loaded TP AndroidTargetPlatform
[2019.01.07-02.34.37:653][  0]LogTemp: Display: Loaded TP AndroidTargetPlatform
[2019.01.07-02.34.37:653][  0]LogTemp: Display: Loaded TP AndroidTargetPlatform
[2019.01.07-02.34.37:653][  0]LogTemp: Display: Loaded TP AndroidTargetPlatform
[2019.01.07-02.34.37:653][  0]LogTemp: Display: Loaded TP AndroidTargetPlatform
[2019.01.07-02.34.37:653][  0]LogTemp: Display: Loaded TP AndroidTargetPlatform
[2019.01.07-02.34.37:653][  0]LogTemp: Display: Loaded TP AndroidTargetPlatform
[2019.01.07-02.34.37:655][  0]LogTemp: Display: Loaded TP HTML5TargetPlatform
[2019.01.07-02.34.37:772][  0]LogTemp: Display: Loaded TP IOSTargetPlatform
[2019.01.07-02.34.37:772][  0]LogTemp: Display: Loaded TP IOSTargetPlatform
[2019.01.07-02.34.37:833][  0]LogTemp: Display: Loaded TP TVOSTargetPlatform
[2019.01.07-02.34.37:833][  0]LogTemp: Display: Loaded TP TVOSTargetPlatform
[2019.01.07-02.34.37:868][  0]LogTemp: Display: Loaded TP LinuxClientTargetPlatform
[2019.01.07-02.34.37:890][  0]LogTemp: Display: Loaded TP LinuxNoEditorTargetPlatform
[2019.01.07-02.34.37:908][  0]LogTemp: Display: Loaded TP LinuxServerTargetPlatform
[2019.01.07-02.34.37:939][  0]LogTemp: Display: Loaded TP LinuxTargetPlatform
[2019.01.07-02.34.37:951][  0]LogTemp: Display: Loaded TP LuminTargetPlatform
[2019.01.07-02.34.37:951][  0]LogTargetPlatformManager: Display: Building Assets For Windows
[2019.01.07-02.34.38:733][  0]LogXGEController: Cleaning working directory: C:/Users/Ryan/AppData/Local/Temp/UnrealXGEWorkingDir/
[2019.01.07-02.34.38:733][  0]LogXGEController: Cannot use XGE Controller as Incredibuild is not installed on this machine.
[2019.01.07-02.34.38:733][  0]LogShaderCompilers: Cannot use XGE Shader Compiler as Incredibuild is not installed on this machine.
[2019.01.07-02.34.38:733][  0]LogShaderCompilers: Display: Using Local Shader Compiler.
[2019.01.07-02.34.43:577][  0]LogDerivedDataCache: Display: Max Cache Size: 512 MB
[2019.01.07-02.34.44:378][  0]LogDerivedDataCache: Loaded boot cache 0.79s 71MB C:/Users/Ryan/AppData/Local/UnrealEngine/4.20/DerivedDataCache/Boot.ddc.
[2019.01.07-02.34.44:379][  0]LogDerivedDataCache: Display: Loaded Boot cache: C:/Users/Ryan/AppData/Local/UnrealEngine/4.20/DerivedDataCache/Boot.ddc
[2019.01.07-02.34.44:379][  0]LogDerivedDataCache: FDerivedDataBackendGraph:  Pak pak cache file ../../../../../../Users/Ryan/Documents/GitHub/TheOnioning2019/TheOnioning/DerivedDataCache/DDC.ddp not found, will not use a pak cache.
[2019.01.07-02.34.44:379][  0]LogDerivedDataCache: Unable to find inner node Pak for hierarchical cache Hierarchy.
[2019.01.07-02.34.44:379][  0]LogDerivedDataCache: FDerivedDataBackendGraph:  CompressedPak pak cache file ../../../../../../Users/Ryan/Documents/GitHub/TheOnioning2019/TheOnioning/DerivedDataCache/Compressed.ddp not found, will not use a pak cache.
[2019.01.07-02.34.44:379][  0]LogDerivedDataCache: Unable to find inner node CompressedPak for hierarchical cache Hierarchy.
[2019.01.07-02.34.44:472][  0]LogDerivedDataCache: Display: Pak cache opened for reading ../../../Engine/DerivedDataCache/Compressed.ddp.
[2019.01.07-02.34.44:503][  0]LogDerivedDataCache: Using Local data cache path C:/Users/Ryan/AppData/Local/UnrealEngine/Common/DerivedDataCache: Writable
[2019.01.07-02.34.44:503][  0]LogDerivedDataCache: Shared data cache path not found in *engine.ini, will not use an Shared cache.
[2019.01.07-02.34.44:503][  0]LogDerivedDataCache: Unable to find inner node Shared for hierarchical cache Hierarchy.
[2019.01.07-02.34.44:644][  0]LogMaterial: Verifying Global Shaders for PCD3D_SM5
[2019.01.07-02.34.44:669][  0]LogSlate: Using FreeType 2.6.0
[2019.01.07-02.34.44:729][  0]LogSlate: SlateFontServices - WITH_FREETYPE: 1, WITH_HARFBUZZ: 1
[2019.01.07-02.34.45:610][  0]LogAssetRegistry: FAssetRegistry took 0.0286 seconds to start up
[2019.01.07-02.34.49:819][  0]LogInit: Selected Device Profile: [Windows]
[2019.01.07-02.34.51:250][  0]LogSimplygon: Simplygon DLL not present - disabling.
[2019.01.07-02.34.51:365][  0]LogMeshReduction: Using SimplygonSwarm for distributed automatic mesh merging
[2019.01.07-02.34.51:365][  0]LogMeshReduction: Using ProxyLODMeshReduction for automatic mesh merging
[2019.01.07-02.34.51:365][  0]LogMeshReduction: Using QuadricMeshReduction for automatic static mesh reduction
[2019.01.07-02.34.51:365][  0]LogMeshReduction: No automatic skeletal mesh reduction module available
[2019.01.07-02.34.51:820][  0]LogNetVersion: TheOnioning 1.0.0, NetCL: 4212847, EngineNetVer: 5, GameNetVer: 0 (Checksum: 2736480446)
[2019.01.07-02.34.56:411][  0]LogPackageLocalizationCache: Processed 11 localized package path(s) for 2 prioritized culture(s) in 0.166540 seconds
[2019.01.07-02.34.56:487][  0]LogUObjectArray: 38425 objects as part of root set at end of initial load.
[2019.01.07-02.34.56:487][  0]LogUObjectAllocator: 6690872 out of 0 bytes used by permanent object pool.
[2019.01.07-02.34.56:487][  0]LogUObjectArray: CloseDisregardForGC: 0/0 objects in disregard for GC pool
[2019.01.07-02.35.11:510][  0]LogTcpMessaging: Initializing TcpMessaging bridge
[2019.01.07-02.35.11:545][  0]LogUdpMessaging: Initializing bridge on interface 0.0.0.0:0 to multicast group 230.0.0.1:6666.
[2019.01.07-02.35.12:714][  0]SourceControl: Source control is disabled
[2019.01.07-02.35.12:714][  0]SourceControl: Source control is disabled
[2019.01.07-02.35.12:793][  0]SourceControl: Source control is disabled
[2019.01.07-02.35.12:797][  0]SourceControl: Source control is disabled
[2019.01.07-02.35.14:025][  0]LogAndroidPermission: UAndroidPermissionCallbackProxy::GetInstance
[2019.01.07-02.35.14:258][  0]LogOcInput: OculusInput pre-init called
[2019.01.07-02.35.14:828][  0]LogEngine: Initializing Engine...
[2019.01.07-02.35.14:891][  0]LogHMD: Failed to initialize OpenVR with code 110
[2019.01.07-02.35.14:915][  0]LogStats: UGameplayTagsManager::ConstructGameplayTagTree: ImportINI prefixes -  0.000 s
[2019.01.07-02.35.14:915][  0]LogStats: UGameplayTagsManager::ConstructGameplayTagTree: Construct from data asset -  0.000 s
[2019.01.07-02.35.14:915][  0]LogStats: UGameplayTagsManager::ConstructGameplayTagTree: ImportINI -  0.000 s
[2019.01.07-02.35.14:915][  0]LogStats: UGameplayTagsManager::ConstructGameplayTagTree: GameplayTagTreeChangedEvent.Broadcast -  0.000 s
[2019.01.07-02.35.16:008][  0]LogInit: Initializing FReadOnlyCVARCache
[2019.01.07-02.35.16:406][  0]LogAIModule: Creating AISystem for world Untitled
[2019.01.07-02.35.16:634][  0]LogInit: XAudio2 using 'Speakers (High Definition Audio Device)' : 2 channels at 48 kHz using 16 bits per sample (channel mask 0x3)
[2019.01.07-02.35.16:689][  0]LogInit: FAudioDevice initialized.
[2019.01.07-02.35.16:698][  0]LogNetVersion: Set ProjectVersion to 1.0.0.0. Version Checksum will be recalculated on next use.
[2019.01.07-02.35.16:918][  0]LogDerivedDataCache: Saved boot cache 0.22s 71MB C:/Users/Ryan/AppData/Local/UnrealEngine/4.20/DerivedDataCache/Boot.ddc.
[2019.01.07-02.35.16:937][  0]LogInit: Texture streaming: Enabled
[2019.01.07-02.35.17:076][  0]LogEngineSessionManager: EngineSessionManager initialized
[2019.01.07-02.35.17:369][  0]LogInit: Transaction tracking system initialized
[2019.01.07-02.35.17:719][  0]BlueprintLog: New page: Editor Load
[2019.01.07-02.35.18:815][  0]LocalizationService: Localization service is disabled
[2019.01.07-02.35.21:977][  0]LogFileCache: Scanning file cache for directory 'C:/Users/Ryan/Documents/GitHub/TheOnioning2019/TheOnioning/Content/' took 0.07s
[2019.01.07-02.35.21:977][  0]LogCook: Display: Max memory allowance for cook 16384mb min free memory 0mb
[2019.01.07-02.35.21:977][  0]LogCook: Display: Mobile HDR setting 1
[2019.01.07-02.35.22:005][  0]LogGameplayTags: Display: UGameplayTagsManager::DoneAddingNativeTags. DelegateIsBound: 0
[2019.01.07-02.35.22:005][  0]LogStats: UGameplayTagsManager::ConstructGameplayTagTree: ImportINI prefixes -  0.000 s
[2019.01.07-02.35.22:006][  0]LogStats: UGameplayTagsManager::ConstructGameplayTagTree: Construct from data asset -  0.000 s
[2019.01.07-02.35.22:006][  0]LogStats: UGameplayTagsManager::ConstructGameplayTagTree: ImportINI -  0.000 s
[2019.01.07-02.35.22:006][  0]LogStats: UGameplayTagsManager::ConstructGameplayTagTree: GameplayTagTreeChangedEvent.Broadcast -  0.000 s
[2019.01.07-02.35.24:206][  0]SourceControl: Source control is disabled
[2019.01.07-02.35.24:250][  0]Cmd: MAP LOAD FILE="../../../../../../Users/Ryan/Documents/GitHub/TheOnioning2019/TheOnioning/Content/Maps/Testing/PlayerTEST_MAP.umap" TEMPLATE=0 SHOWPROGRESS=1 FEATURELEVEL=3
[2019.01.07-02.35.24:257][  0]LogEditorServer: Warning: Can't find file '../../../../../../Users/Ryan/Documents/GitHub/TheOnioning2019/TheOnioning/Content/Maps/Testing/PlayerTEST_MAP.umap'
[2019.01.07-02.35.24:276][  0]Cmd: MAP CHECKDEP NOCLEARLOG
[2019.01.07-02.35.24:435][  0]MapCheck: Map check complete: 0 Error(s), 0 Warning(s), took 158.805ms to complete.
[2019.01.07-02.35.24:435][  0]LogFileHelpers: Loading map 'PlayerTEST_MAP' took 0.217
[2019.01.07-02.35.25:673][  0]LogCollectionManager: Loaded 0 collections in 0.003345 seconds
[2019.01.07-02.35.25:855][  0]LogFileCache: Scanning file cache for directory 'C:/Users/Ryan/Documents/GitHub/TheOnioning2019/TheOnioning/Saved/Collections/' took 0.01s
[2019.01.07-02.35.25:856][  0]LogFileCache: Scanning file cache for directory 'C:/Users/Ryan/Documents/GitHub/TheOnioning2019/TheOnioning/Content/Developers/Ryan/Collections/' took 0.01s
[2019.01.07-02.35.25:856][  0]LogFileCache: Scanning file cache for directory 'C:/Users/Ryan/Documents/GitHub/TheOnioning2019/TheOnioning/Content/Collections/' took 0.01s
[2019.01.07-02.35.25:856][  0]LogCollectionManager: Rebuilt the GUID cache for 0 collections in 0.000000 seconds
[2019.01.07-02.35.25:872][  0]LogContentBrowser: Native class hierarchy populated in 0.0102 seconds. Added 2572 classes and 603 folders.
[2019.01.07-02.35.25:954][  0]LogContentBrowser: Native class hierarchy updated for 'WidgetCarousel' in 0.0002 seconds. Added 0 classes and 0 folders.
[2019.01.07-02.35.27:296][  0]LogContentBrowser: Native class hierarchy updated for 'AddContentDialog' in 0.0002 seconds. Added 0 classes and 0 folders.
[2019.01.07-02.35.27:609][  0]LogSlate: Updating window title bar state: overlay mode, drag disabled, window buttons hidden, title bar hidden
[2019.01.07-02.35.27:618][  0]LogSlate: Updating window title bar state: overlay mode, drag disabled, window buttons hidden, title bar hidden
[2019.01.07-02.35.27:625][  0]LogSlate: Updating window title bar state: overlay mode, drag disabled, window buttons hidden, title bar hidden
[2019.01.07-02.35.27:632][  0]LogSlate: Updating window title bar state: overlay mode, drag disabled, window buttons hidden, title bar hidden
[2019.01.07-02.35.27:706][  0]LogContentBrowser: Native class hierarchy updated for 'SceneOutliner' in 0.0003 seconds. Added 1 classes and 2 folders.
[2019.01.07-02.35.28:624][  0]LogSlate: Took 0.031008 seconds to synchronously load lazily loaded font '../../../Engine/Content/Slate/Fonts/Roboto-Regular.ttf' (155K)
[2019.01.07-02.35.28:647][  0]LogSlate: Took 0.009264 seconds to synchronously load lazily loaded font '../../../Engine/Content/Slate/Fonts/Roboto-Bold.ttf' (160K)
[2019.01.07-02.35.28:662][  0]LogSlate: Took 0.014601 seconds to synchronously load lazily loaded font '../../../Engine/Content/Editor/Slate/Fonts/FontAwesome.ttf' (139K)
[2019.01.07-02.35.29:353][  0]LogRenderer: Reallocating scene render targets to support 1632x924 Format 10 NumSamples 1 (Frame:1).
[2019.01.07-02.35.30:478][  0]LogContentBrowser: Native class hierarchy updated for 'HierarchicalLODOutliner' in 0.0003 seconds. Added 0 classes and 0 folders.
[2019.01.07-02.35.30:478][  0]LogLoad: (Engine Initialization) Total time: 80.60 seconds
[2019.01.07-02.35.30:478][  0]LogLoad: (Engine Initialization) Total Blueprint compile time: 0.00 seconds
[2019.01.07-02.35.30:949][  0]LogContentStreaming: Texture pool size now 1000 MB
[2019.01.07-02.35.31:423][  4]LogAssetRegistry: Asset discovery search completed in 45.8370 seconds
[2019.01.07-02.35.31:508][  4]LogCollectionManager: Rebuilt the object cache for 0 collections in 0.000000 seconds (found 0 objects)
[2019.01.07-02.35.31:508][  4]LogCollectionManager: Fixed up redirectors for 0 collections in 0.014891 seconds (updated 0 objects)
[2019.01.07-02.38.14:111][447]LogSlate: FSceneViewport::OnFocusLost() reason 2
[2019.01.07-02.38.15:137][560]LogSlate: FSceneViewport::OnFocusLost() reason 2
[2019.01.07-02.38.15:242][560]LogSlate: Took 0.049461 seconds to synchronously load lazily loaded font '../../../Engine/Content/Slate/Fonts/Roboto-Light.ttf' (167K)
[2019.01.07-02.38.18:719][922]Cmd: MAP LOAD FILE="../../../../../../Users/Ryan/Documents/GitHub/TheOnioning2019/TheOnioning/Content/Maps/Main/Chapter1_MAP.umap" TEMPLATE=0 SHOWPROGRESS=1 FEATURELEVEL=3
[2019.01.07-02.38.18:753][922]LogSlate: Took 0.000223 seconds to synchronously load lazily loaded font '../../../Engine/Content/Slate/Fonts/Roboto-Light.ttf' (167K)
[2019.01.07-02.38.18:765][922]LightingResults: New page: Lighting Build
[2019.01.07-02.38.18:776][922]LogContentBrowser: Native class hierarchy updated for 'StatsViewer' in 0.0003 seconds. Added 5 classes and 0 folders.
[2019.01.07-02.38.18:794][922]LoadErrors: New page: Loading map: Chapter1_MAP.umap
[2019.01.07-02.38.18:915][922]MapCheck: New page: Map Check
[2019.01.07-02.38.18:915][922]LightingResults: New page: Lighting Build
[2019.01.07-02.38.29:912][922]LogAIModule: Creating AISystem for world Chapter1_MAP
[2019.01.07-02.38.30:471][922]LogEditorServer: Finished looking for orphan Actors (0.000 secs)
[2019.01.07-02.38.30:786][922]Cmd: MAP CHECKDEP NOCLEARLOG
[2019.01.07-02.38.30:884][922]MapCheck: Map check complete: 0 Error(s), 0 Warning(s), took 97.988ms to complete.
[2019.01.07-02.38.30:884][922]LogFileHelpers: Loading map 'Chapter1_MAP' took 12.207
[2019.01.07-02.38.30:912][922]LogSlate: Window 'Open Level' being destroyed
[2019.01.07-02.41.49:015][431]LogSlate: FSceneViewport::OnFocusLost() reason 2
[2019.01.07-02.41.50:573][431]LogSavePackage: Moving '../../../../../../Users/Ryan/Documents/GitHub/TheOnioning2019/TheOnioning/Saved/Chapter1_MAP0F1C042A4579D8DA45790B9DB9D12DA8.tmp' to '../../../../../../Users/Ryan/Documents/GitHub/TheOnioning2019/TheOnioning/Content/Maps/Main/Chapter1_MAP.umap'
[2019.01.07-02.42.02:577][712]LogSlate: FSceneViewport::OnFocusLost() reason 2
[2019.01.07-02.42.03:141][712]LogSavePackage: Moving '../../../../../../Users/Ryan/Documents/GitHub/TheOnioning2019/TheOnioning/Saved/Chapter1_MAP200CD5384F39C646EC714B93211F2F82.tmp' to '../../../../../../Users/Ryan/Documents/GitHub/TheOnioning2019/TheOnioning/Content/Maps/Main/Chapter1_MAP.umap'
[2019.01.07-02.42.41:132][812]LogSlate: FSceneViewport::OnFocusLost() reason 2
[2019.01.07-02.42.42:273][942]LogEditorViewport: Clicking on Actor (LMB): BP_Sky_Sphere_C (BP_Sky_Sphere)
[2019.01.07-02.42.43:453][ 72]LogSlate: FSceneViewport::OnFocusLost() reason 0
[2019.01.07-02.44.51:252][630]LogSlate: FSceneViewport::OnFocusLost() reason 2
[2019.01.07-02.44.51:825][630]LogSavePackage: Moving '../../../../../../Users/Ryan/Documents/GitHub/TheOnioning2019/TheOnioning/Saved/Chapter1_MAP2F0595064769B3C21A0663AB356DD8C4.tmp' to '../../../../../../Users/Ryan/Documents/GitHub/TheOnioning2019/TheOnioning/Content/Maps/Main/Chapter1_MAP.umap'
[2019.01.07-02.46.08:343][763]LogSlate: FSceneViewport::OnFocusLost() reason 2
[2019.01.07-02.46.08:918][763]LogSavePackage: Moving '../../../../../../Users/Ryan/Documents/GitHub/TheOnioning2019/TheOnioning/Saved/Chapter1_MAP5472E52045352FC13876AB926BF58E46.tmp' to '../../../../../../Users/Ryan/Documents/GitHub/TheOnioning2019/TheOnioning/Content/Maps/Main/Chapter1_MAP.umap'
[2019.01.07-02.46.10:976][  1]LogSlate: FSceneViewport::OnFocusLost() reason 2
[2019.01.07-02.46.11:712][ 85]LogSlate: FSceneViewport::OnFocusLost() reason 2
[2019.01.07-02.46.13:045][ 85]LogSlate: Window 'New Level' being destroyed
[2019.01.07-02.46.13:070][ 85]LightingResults: New page: Lighting Build
[2019.01.07-02.46.13:144][ 85]MapCheck: New page: Map Check
[2019.01.07-02.46.13:144][ 85]LightingResults: New page: Lighting Build
[2019.01.07-02.46.13:333][ 85]LogAIModule: Creating AISystem for world Untitled
[2019.01.07-02.46.13:391][ 85]LoadErrors: New page: New Map
[2019.01.07-02.46.15:781][366]LogSlate: FSceneViewport::OnFocusLost() reason 0
[2019.01.07-02.46.16:082][376]LogActorFactory: Actor Factory created Cube
[2019.01.07-02.46.16:742][444]LogActorFactory: Actor Factory created Cube
[2019.01.07-02.46.18:491][614]LogSlate: FSceneViewport::OnFocusLost() reason 0
[2019.01.07-02.46.23:488][159]LogSlate: FSceneViewport::OnFocusLost() reason 0
[2019.01.07-02.46.43:750][468]LogSlate: FSceneViewport::OnFocusLost() reason 0
[2019.01.07-02.46.59:211][252]LogEditorViewport: Clicking Background
[2019.01.07-02.47.02:030][586]LogSlate: FSceneViewport::OnFocusLost() reason 0
[2019.01.07-02.47.07:720][210]LogSlate: FSceneViewport::OnFocusLost() reason 0
[2019.01.07-02.47.10:106][491]LogEditorViewport: Clicking Background
[2019.01.07-02.47.11:129][605]LogSlate: FSceneViewport::OnFocusLost() reason 2
[2019.01.07-02.47.19:667][605]LogSlate: Window 'Save Level As' being destroyed
[2019.01.07-02.47.19:670][605]LogSlate: FSceneViewport::OnFocusLost() reason 3
[2019.01.07-02.47.19:869][605]LogSavePackage: Moving '../../../../../../Users/Ryan/Documents/GitHub/TheOnioning2019/TheOnioning/Saved/Chapter2_MAP4835422D40ED2967BCF141A44DFE0B0C.tmp' to '../../../../../../Users/Ryan/Documents/GitHub/TheOnioning2019/TheOnioning/Content/Maps/Main/Chapter2_MAP.umap'
[2019.01.07-02.47.19:911][605]LogFileHelpers: Saving map 'Chapter2_MAP' took 0.222
[2019.01.07-02.47.21:478][781]LogSlate: FSceneViewport::OnFocusLost() reason 2
[2019.01.07-02.47.21:546][781]LogSavePackage: Moving '../../../../../../Users/Ryan/Documents/GitHub/TheOnioning2019/TheOnioning/Saved/Chapter2_MAP15F5E40446E55AFEA0F5C5936C056F5D.tmp' to '../../../../../../Users/Ryan/Documents/GitHub/TheOnioning2019/TheOnioning/Content/Maps/Main/Chapter2_MAP.umap'
[2019.01.07-02.47.25:784][254]LogSlate: FSceneViewport::OnFocusLost() reason 0
[2019.01.07-02.47.25:959][267]LogSavePackage: Moving '../../../../../../Users/Ryan/Documents/GitHub/TheOnioning2019/TheOnioning/Saved/Chapter2_MAPD23822F84430148F6C6A19ADC08C7539.tmp' to '../../../../../../Users/Ryan/Documents/GitHub/TheOnioning2019/TheOnioning/Content/Maps/Main/Chapter2_MAP.umap'
[2019.01.07-02.47.27:146][404]LogSlate: FSceneViewport::OnFocusLost() reason 2
[2019.01.07-02.47.27:876][491]LogSlate: FSceneViewport::OnFocusLost() reason 2
[2019.01.07-02.48.10:861][491]LogSlate: Window 'New Level' being destroyed
[2019.01.07-02.48.10:864][491]LightingResults: New page: Lighting Build
[2019.01.07-02.48.10:864][491]MapCheck: New page: Map Check
[2019.01.07-02.48.10:864][491]LightingResults: New page: Lighting Build
[2019.01.07-02.48.10:890][491]LogAIModule: Creating AISystem for world Untitled
[2019.01.07-02.48.10:942][491]LoadErrors: New page: New Map
[2019.01.07-02.50.32:763][150]LogSlate: FSceneViewport::OnFocusLost() reason 0
[2019.01.07-03.16.39:923][352]LogSlate: FSceneViewport::OnFocusLost() reason 0
[2019.01.07-03.23.05:739][344]LogSlate: FSceneViewport::OnFocusLost() reason 0
[2019.01.07-03.23.09:838][356]LogSlate: Window 'Save Level As' being destroyed
[2019.01.07-03.23.09:841][356]LogSlate: FSceneViewport::OnFocusLost() reason 3
[2019.01.07-03.23.09:988][356]LogSavePackage: Moving '../../../../../../Users/Ryan/Documents/GitHub/TheOnioning2019/TheOnioning/Saved/Chapter3_MAPB0144AED436338EB6E529DB23062FB1A.tmp' to '../../../../../../Users/Ryan/Documents/GitHub/TheOnioning2019/TheOnioning/Content/Maps/Main/Chapter3_MAP.umap'
[2019.01.07-03.23.10:021][356]LogFileHelpers: Saving map 'Chapter3_MAP' took 0.178
[2019.01.07-03.23.14:411][880]LogSlate: FSceneViewport::OnFocusLost() reason 0
[2019.01.07-03.23.23:225][906]LogMaterial: Display: Missing cached shader map for material LayerVisMaterial, compiling. 
[2019.01.07-03.23.23:489][906]LogShaderCompilers: Display: Shaders left to compile 8
[2019.01.07-03.23.23:489][906]LogMaterial: Display: Missing cached shader map for material SelectBrushMaterial, compiling. 
[2019.01.07-03.23.23:628][906]LogMaterial: Display: Missing cached shader map for material SelectBrushMaterial, compiling. 
[2019.01.07-03.23.23:905][906]LogShaderCompilers: Display: Shaders left to compile 20
[2019.01.07-03.23.23:905][906]LogShaderCompilers: Display: Shaders left to compile 10
[2019.01.07-03.23.23:905][906]LogShaderCompilers: Display: Shaders left to compile 20
[2019.01.07-03.23.23:905][906]LogShaderCompilers: Display: Shaders left to compile 10
[2019.01.07-03.23.23:905][906]LogMaterial: Display: Missing cached shader map for material MaskBrushMaterial, compiling. 
[2019.01.07-03.23.24:292][906]LogShaderCompilers: Display: Shaders left to compile 20
[2019.01.07-03.23.24:292][906]LogShaderCompilers: Display: Shaders left to compile 10
[2019.01.07-03.23.24:292][906]LogMaterial: Display: Missing cached shader map for material LandscapeLayerUsageMaterial, compiling. 
[2019.01.07-03.23.24:839][906]LogShaderCompilers: Display: Shaders left to compile 8
[2019.01.07-03.23.24:840][906]LogMaterial: Display: Missing cached shader map for material CircleBrushMaterial, compiling. 
[2019.01.07-03.23.24:874][906]LogMaterial: Display: Missing cached shader map for material CircleBrushMaterial, compiling. 
[2019.01.07-03.23.24:922][906]LogMaterial: Display: Missing cached shader map for material CircleBrushMaterial, compiling. 
[2019.01.07-03.23.24:962][906]LogMaterial: Display: Missing cached shader map for material CircleBrushMaterial, compiling. 
[2019.01.07-03.23.25:052][906]LogMaterial: Display: Missing cached shader map for material AlphaBrushMaterial, compiling. 
[2019.01.07-03.23.25:110][906]LogMaterial: Display: Missing cached shader map for material CircleBrushMaterial, compiling. 
[2019.01.07-03.23.25:265][906]LogMaterial: Display: Missing cached shader map for material MaskBrushMaterial, compiling. 
[2019.01.07-03.23.25:451][906]LogTexture: Display: Building textures: Texture2D_2 (G8, 128X128)
[2019.01.07-03.23.28:715][123]LogShaderCompilers: Display: Shaders left to compile 140
[2019.01.07-03.23.28:865][126]LogShaderCompilers: Display: Shaders left to compile 130
[2019.01.07-03.23.29:936][217]LogShaderCompilers: Display: Shaders left to compile 120
[2019.01.07-03.23.30:053][228]LogShaderCompilers: Display: Shaders left to compile 110
[2019.01.07-03.23.30:095][231]LogShaderCompilers: Display: Shaders left to compile 100
[2019.01.07-03.23.30:166][238]LogShaderCompilers: Display: Shaders left to compile 90
[2019.01.07-03.23.30:200][240]LogShaderCompilers: Display: Shaders left to compile 80
[2019.01.07-03.23.30:200][240]LogShaderCompilers: Display: Shaders left to compile 70
[2019.01.07-03.23.32:745][468]LogShaderCompilers: Display: Shaders left to compile 60
[2019.01.07-03.23.32:861][477]LogShaderCompilers: Display: Shaders left to compile 50
[2019.01.07-03.23.33:865][567]LogShaderCompilers: Display: Shaders left to compile 40
[2019.01.07-03.23.33:995][577]LogShaderCompilers: Display: Shaders left to compile 30
[2019.01.07-03.23.34:039][580]LogShaderCompilers: Display: Shaders left to compile 20
[2019.01.07-03.23.34:128][590]LogShaderCompilers: Display: Shaders left to compile 10
[2019.01.07-03.23.49:499][370]LogSlate: FSceneViewport::OnFocusLost() reason 2
[2019.01.07-03.23.56:435][134]LogTexture: Display: Building textures: Texture2D_0 (BGRA8, 512X512)
[2019.01.07-03.24.02:200][773]LogEditorViewport: Clicking on Actor (LMB): Landscape (Landscape)
[2019.01.07-03.24.06:651][276]LogSlate: FSceneViewport::OnFocusLost() reason 0
[2019.01.07-03.24.07:638][378]LogMaterial: Display: Missing cached shader map for material SwampGround01_MAT, compiling. 
[2019.01.07-03.24.07:745][378]LogShaderCompilers: Display: Shaders left to compile 42
[2019.01.07-03.24.07:745][378]LogShaderCompilers: Display: Shaders left to compile 32
[2019.01.07-03.24.07:745][378]LogShaderCompilers: Display: Shaders left to compile 22
[2019.01.07-03.24.07:745][378]LogShaderCompilers: Display: Shaders left to compile 12
[2019.01.07-03.24.07:745][378]LogShaderCompilers: Display: Shaders left to compile 2
[2019.01.07-03.24.32:184][976]LogSlate: FSceneViewport::OnFocusLost() reason 0
[2019.01.07-03.24.32:379][997]LogAssetEditorManager: Opening Asset editor for Material /Game/Materials/SwampGround01_MAT.SwampGround01_MAT
[2019.01.07-03.24.32:417][997]LogMaterial: Display: Missing cached shader map for material SwampGround01_MAT, compiling. 
[2019.01.07-03.24.33:364][997]LogMaterial: Display: Missing cached shader map for material SwampGround01_MAT, compiling. 
[2019.01.07-03.24.33:387][997]LogShaderCompilers: Display: Shaders left to compile 21
[2019.01.07-03.24.33:387][997]LogShaderCompilers: Display: Shaders left to compile 20
[2019.01.07-03.24.33:387][997]LogShaderCompilers: Display: Shaders left to compile 19
[2019.01.07-03.24.33:387][997]LogShaderCompilers: Display: Shaders left to compile 18
[2019.01.07-03.24.33:387][997]LogShaderCompilers: Display: Shaders left to compile 17
[2019.01.07-03.24.33:387][997]LogShaderCompilers: Display: Shaders left to compile 16
[2019.01.07-03.24.33:387][997]LogShaderCompilers: Display: Shaders left to compile 15
[2019.01.07-03.24.33:387][997]LogShaderCompilers: Display: Shaders left to compile 14
[2019.01.07-03.24.33:389][997]LogMaterial: Display: Missing cached shader map for material SwampGround01_MAT, compiling. 
[2019.01.07-03.24.33:447][997]LogMaterial: Display: Missing cached shader map for material FMatExpressionPreview MaterialExpressionTextureSample_0, compiling. 
[2019.01.07-03.24.33:666][997]LogSlate: Took 0.101992 seconds to synchronously load lazily loaded font '../../../Engine/Content/Slate/Fonts/Roboto-BoldCondensed.ttf' (158K)
[2019.01.07-03.24.34:247][  1]LogShaderCompilers: Display: Shaders left to compile 23
[2019.01.07-03.24.34:262][  2]LogShaderCompilers: Display: Shaders left to compile 22
[2019.01.07-03.24.34:262][  2]LogShaderCompilers: Display: Shaders left to compile 21
[2019.01.07-03.24.34:286][  2]LogShaderCompilers: Display: Shaders left to compile 20
[2019.01.07-03.24.34:294][  2]LogShaderCompilers: Display: Shaders left to compile 19
[2019.01.07-03.24.34:410][  6]LogShaderCompilers: Display: Shaders left to compile 18
[2019.01.07-03.24.34:432][  7]LogShaderCompilers: Display: Shaders left to compile 17
[2019.01.07-03.24.34:432][  7]LogShaderCompilers: Display: Shaders left to compile 16
[2019.01.07-03.24.34:558][ 11]LogShaderCompilers: Display: Shaders left to compile 15
[2019.01.07-03.24.34:594][ 13]LogShaderCompilers: Display: Shaders left to compile 14
[2019.01.07-03.24.34:624][ 14]LogShaderCompilers: Display: Shaders left to compile 13
[2019.01.07-03.24.34:643][ 15]LogShaderCompilers: Display: Shaders left to compile 12
[2019.01.07-03.24.34:667][ 17]LogShaderCompilers: Display: Shaders left to compile 11
[2019.01.07-03.24.34:682][ 18]LogShaderCompilers: Display: Shaders left to compile 10
[2019.01.07-03.24.34:699][ 19]LogShaderCompilers: Display: Shaders left to compile 9
[2019.01.07-03.24.34:714][ 20]LogShaderCompilers: Display: Shaders left to compile 8
[2019.01.07-03.24.34:777][ 24]LogShaderCompilers: Display: Shaders left to compile 7
[2019.01.07-03.24.35:077][ 34]LogShaderCompilers: Display: Shaders left to compile 6
[2019.01.07-03.24.35:216][ 35]LogShaderCompilers: Display: Shaders left to compile 5
[2019.01.07-03.24.35:216][ 35]LogShaderCompilers: Display: Shaders left to compile 4
[2019.01.07-03.24.35:311][ 36]LogShaderCompilers: Display: Shaders left to compile 3
[2019.01.07-03.24.35:311][ 36]LogShaderCompilers: Display: Shaders left to compile 2
[2019.01.07-03.24.35:345][ 38]LogShaderCompilers: Display: Shaders left to compile 1
[2019.01.07-03.24.35:712][ 58]MaterialEditorStats: Base pass shader: 96 instructions
[2019.01.07-03.24.35:712][ 58]MaterialEditorStats: Base pass shader with Volumetric Lightmap: 164 instructions
[2019.01.07-03.24.35:712][ 58]MaterialEditorStats: Base pass vertex shader: 36 instructions
[2019.01.07-03.24.35:712][ 58]MaterialEditorStats: Texture samplers: 4/16
[2019.01.07-03.24.35:712][ 58]MaterialEditorStats: Texture Lookups (Est.): VS(0), PS(1)
[2019.01.07-03.24.35:712][ 58]MaterialEditorStats: User interpolators: 2/4 Scalars (1/4 Vectors) (TexCoords: 2, Custom: 0)
[2019.01.07-03.24.36:657][160]LogAssetEditorManager: Opening Asset editor for Texture2D /Game/Materials/Textures/SwampGround01_DIFF.SwampGround01_DIFF
[2019.01.07-03.24.36:683][160]LogContentBrowser: Native class hierarchy updated for 'TextureEditor' in 0.0003 seconds. Added 1 classes and 2 folders.
[2019.01.07-03.24.41:933][760]LogMaterial: Display: Missing cached shader map for material SwampGround01_MAT, compiling. 
[2019.01.07-03.24.41:969][760]LogShaderCompilers: Display: Shaders left to compile 22
[2019.01.07-03.24.41:969][760]LogShaderCompilers: Display: Shaders left to compile 12
[2019.01.07-03.24.41:969][760]LogShaderCompilers: Display: Shaders left to compile 2
[2019.01.07-03.24.41:969][760]LogMaterial: Display: Missing cached shader map for material SwampGround01_MAT, compiling. 
[2019.01.07-03.24.42:030][760]LogShaderCompilers: Display: Shaders left to compile 21
[2019.01.07-03.24.42:030][760]LogShaderCompilers: Display: Shaders left to compile 20
[2019.01.07-03.24.42:030][760]LogShaderCompilers: Display: Shaders left to compile 19
[2019.01.07-03.24.42:030][760]LogShaderCompilers: Display: Shaders left to compile 18
[2019.01.07-03.24.42:030][760]LogShaderCompilers: Display: Shaders left to compile 17
[2019.01.07-03.24.42:030][760]LogMaterial: Display: Missing cached shader map for material SwampGround01_MAT, compiling. 
[2019.01.07-03.24.42:316][770]LogShaderCompilers: Display: Shaders left to compile 58
[2019.01.07-03.24.42:316][770]LogShaderCompilers: Display: Shaders left to compile 57
[2019.01.07-03.24.42:346][772]LogShaderCompilers: Display: Shaders left to compile 56
[2019.01.07-03.24.42:361][773]LogShaderCompilers: Display: Shaders left to compile 55
[2019.01.07-03.24.42:378][774]LogShaderCompilers: Display: Shaders left to compile 54
[2019.01.07-03.24.42:563][785]LogShaderCompilers: Display: Shaders left to compile 53
[2019.01.07-03.24.42:576][786]LogShaderCompilers: Display: Shaders left to compile 52
[2019.01.07-03.24.42:588][787]LogShaderCompilers: Display: Shaders left to compile 51
[2019.01.07-03.24.42:588][787]LogShaderCompilers: Display: Shaders left to compile 50
[2019.01.07-03.24.42:617][789]LogShaderCompilers: Display: Shaders left to compile 49
[2019.01.07-03.24.42:931][804]LogShaderCompilers: Display: Shaders left to compile 48
[2019.01.07-03.24.42:957][805]LogShaderCompilers: Display: Shaders left to compile 47
[2019.01.07-03.24.43:003][807]LogShaderCompilers: Display: Shaders left to compile 46
[2019.01.07-03.24.43:154][818]LogShaderCompilers: Display: Shaders left to compile 45
[2019.01.07-03.24.43:192][820]LogShaderCompilers: Display: Shaders left to compile 44
[2019.01.07-03.24.43:224][821]LogShaderCompilers: Display: Shaders left to compile 43
[2019.01.07-03.24.43:378][830]LogShaderCompilers: Display: Shaders left to compile 42
[2019.01.07-03.24.43:523][836]LogShaderCompilers: Display: Shaders left to compile 32
[2019.01.07-03.24.43:569][838]LogShaderCompilers: Display: Shaders left to compile 22
[2019.01.07-03.24.43:593][839]LogShaderCompilers: Display: Shaders left to compile 12
[2019.01.07-03.24.43:678][845]LogShaderCompilers: Display: Shaders left to compile 2
[2019.01.07-03.24.43:810][853]MaterialEditorStats: Base pass shader: 96 instructions
[2019.01.07-03.24.43:810][853]MaterialEditorStats: Base pass shader with Volumetric Lightmap: 164 instructions
[2019.01.07-03.24.43:810][853]MaterialEditorStats: Base pass vertex shader: 36 instructions
[2019.01.07-03.24.43:810][853]MaterialEditorStats: Texture samplers: 4/16
[2019.01.07-03.24.43:810][853]MaterialEditorStats: Texture Lookups (Est.): VS(0), PS(1)
[2019.01.07-03.24.43:810][853]MaterialEditorStats: User interpolators: 2/4 Scalars (1/4 Vectors) (TexCoords: 2, Custom: 0)
[2019.01.07-03.24.45:840][976]LogSavePackage: Moving '../../../../../../Users/Ryan/Documents/GitHub/TheOnioning2019/TheOnioning/Saved/SwampGround01_DIFF38270BCC4C21C0B4716A9D8B309F2086.tmp' to '../../../../../../Users/Ryan/Documents/GitHub/TheOnioning2019/TheOnioning/Content/Materials/Textures/SwampGround01_DIFF.uasset'
[2019.01.07-03.24.49:580][357]LogMaterialEditor: Saving and Compiling material SwampGround01_MAT
[2019.01.07-03.24.49:606][357]Cmd: OBJ SAVEPACKAGE PACKAGE="/Game/Materials/SwampGround01_MAT" FILE="../../../../../../Users/Ryan/Documents/GitHub/TheOnioning2019/TheOnioning/Content/Materials/SwampGround01_MAT.uasset" SILENT=true
[2019.01.07-03.24.49:657][357]LogSavePackage: Moving '../../../../../../Users/Ryan/Documents/GitHub/TheOnioning2019/TheOnioning/Saved/SwampGround01_MAT3B5C9719439A3F5A09059887202E0FD1.tmp' to '../../../../../../Users/Ryan/Documents/GitHub/TheOnioning2019/TheOnioning/Content/Materials/SwampGround01_MAT.uasset'
[2019.01.07-03.24.50:235][421]LogSlate: Window 'SwampGround01_MAT' being destroyed
[2019.01.07-03.24.50:237][421]LogSlate: Window 'SwampGround01_MAT' being destroyed
[2019.01.07-03.24.59:112][412]LogEditorViewport: Clicking Background
[2019.01.07-03.25.13:765][ 49]LogSlate: FSceneViewport::OnFocusLost() reason 0
[2019.01.07-03.25.26:975][600]LogSlate: FSceneViewport::OnFocusLost() reason 0
[2019.01.07-03.25.43:034][522]LogSlate: FSceneViewport::OnFocusLost() reason 0
[2019.01.07-03.26.05:542][117]LogSlate: FSceneViewport::OnFocusLost() reason 0
[2019.01.07-03.26.22:496][766]LogSlate: FSceneViewport::OnFocusLost() reason 0
[2019.01.07-03.26.28:191][439]LogSlate: FSceneViewport::OnFocusLost() reason 0
[2019.01.07-03.26.34:241][121]LogSlate: FSceneViewport::OnFocusLost() reason 2
[2019.01.07-03.26.36:003][330]LogSlate: FSceneViewport::OnFocusLost() reason 2
[2019.01.07-03.26.38:384][614]LogSlate: FSceneViewport::OnFocusLost() reason 0
[2019.01.07-03.26.42:309][ 75]LogEditorViewport: Clicking Background
[2019.01.07-03.26.43:082][166]LogEditorViewport: Clicking on Actor (LMB): DirectionalLight (DirectionalLight)
[2019.01.07-03.26.43:966][267]LogSlate: FSceneViewport::OnFocusLost() reason 0
[2019.01.07-03.26.48:599][804]LogSlate: Took 0.012424 seconds to synchronously load lazily loaded font '../../../Engine/Content/Slate/Fonts/Roboto-Italic.ttf' (157K)
[2019.01.07-03.26.49:318][890]LogSlate: FSceneViewport::OnFocusLost() reason 0
[2019.01.07-03.26.52:506][260]LogSlate: FSceneViewport::OnFocusLost() reason 0
[2019.01.07-03.26.57:061][792]LogEditorViewport: Clicking Background
[2019.01.07-03.26.57:660][857]LogEditorViewport: Clicking Background
[2019.01.07-03.26.57:931][885]LogEditorViewport: Clicking on Actor (LMB): AtmosphericFog (AtmosphericFog)
[2019.01.07-03.27.01:924][359]LogSlate: FSceneViewport::OnFocusLost() reason 0
[2019.01.07-03.27.09:351][227]LogSlate: Window 'Color Picker' being destroyed
[2019.01.07-03.27.10:644][378]LogEditorViewport: Clicking Background
[2019.01.07-03.27.11:134][434]LogSlate: FSceneViewport::OnFocusLost() reason 2
[2019.01.07-03.27.11:784][434]LogSavePackage: Moving '../../../../../../Users/Ryan/Documents/GitHub/TheOnioning2019/TheOnioning/Saved/Chapter3_MAP52C372A24CEFD7E2C0F918A5023CE5C9.tmp' to '../../../../../../Users/Ryan/Documents/GitHub/TheOnioning2019/TheOnioning/Content/Maps/Main/Chapter3_MAP.umap'
[2019.01.07-03.27.13:447][628]LogSlate: FSceneViewport::OnFocusLost() reason 0
[2019.01.07-03.27.13:538][639]LogTemp: Repeating last play command: Selected Viewport
[2019.01.07-03.27.13:600][639]LogPlayLevel: PlayLevel: No blueprints needed recompiling
[2019.01.07-03.27.13:722][639]PIE: New page: PIE session: Chapter3_MAP (Jan 6, 2019, 11:27:13 AM)
[2019.01.07-03.27.13:723][639]LogPlayLevel: Creating play world package: /Game/Maps/Main/UEDPIE_0_Chapter3_MAP
[2019.01.07-03.27.13:799][639]LogPlayLevel: PIE: StaticDuplicateObject took: (0.076003s)
[2019.01.07-03.27.13:799][639]LogAIModule: Creating AISystem for world Chapter3_MAP
[2019.01.07-03.27.13:809][639]LogPlayLevel: PIE: World Init took: (0.010206s)
[2019.01.07-03.27.13:818][639]LogPlayLevel: PIE: Created PIE world by copying editor world from /Game/Maps/Main/Chapter3_MAP.Chapter3_MAP to /Game/Maps/Main/UEDPIE_0_Chapter3_MAP.Chapter3_MAP (0.094937s)
[2019.01.07-03.27.13:877][639]LogInit: XAudio2 using 'Speakers (High Definition Audio Device)' : 2 channels at 48 kHz using 16 bits per sample (channel mask 0x3)
[2019.01.07-03.27.13:887][639]LogInit: FAudioDevice initialized.
[2019.01.07-03.27.13:941][639]LogLinker: Warning: Can't find file '/Game/FirstPersonBP/Blueprints/FirstPersonGameMode'
[2019.01.07-03.27.13:941][639]LogLinker: Warning: Can't find file '/Game/FirstPersonBP/Blueprints/FirstPersonGameMode'
[2019.01.07-03.27.13:941][639]LogUObjectGlobals: Warning: Failed to find object 'Class /Game/FirstPersonBP/Blueprints/FirstPersonGameMode.FirstPersonGameMode_C'
[2019.01.07-03.27.13:941][639]LogLoad: Game class is 'GameModeBase'
[2019.01.07-03.27.14:031][639]LogWorld: Bringing World /Game/Maps/Main/UEDPIE_0_Chapter3_MAP.Chapter3_MAP up for play (max tick rate 0) at 2019.01.06-19.27.14
[2019.01.07-03.27.14:052][639]LogWorld: Bringing up level for play took: 0.022381
[2019.01.07-03.27.14:213][639]LogContentBrowser: Native class hierarchy updated for 'MovieSceneCapture' in 0.0003 seconds. Added 10 classes and 0 folders.
[2019.01.07-03.27.14:244][639]PIE: Play in editor start time for /Game/Maps/Main/UEDPIE_0_Chapter3_MAP 1.257
[2019.01.07-03.27.16:537][900]LogSlate: Updating window title bar state: overlay mode, drag disabled, window buttons hidden, title bar hidden
[2019.01.07-03.27.16:583][900]LogPlayLevel: Display: Shutting down PIE online subsystems
[2019.01.07-03.27.16:628][900]LogSlate: Updating window title bar state: overlay mode, drag disabled, window buttons hidden, title bar hidden
[2019.01.07-03.27.16:661][901]LogPlayLevel: Display: Destroying online subsystem :Context_4
[2019.01.07-04.05.37:343][932]LogSlate: FSceneViewport::OnFocusLost() reason 0
[2019.01.07-04.55.09:037][976]LogSlate: FSceneViewport::OnFocusLost() reason 2
[2019.01.07-04.55.09:313][976]LogSavePackage: Moving '../../../../../../Users/Ryan/Documents/GitHub/TheOnioning2019/TheOnioning/Saved/Chapter3_MAP37D2F2F24ABA342035F6A4BC8FE50F6D.tmp' to '../../../../../../Users/Ryan/Documents/GitHub/TheOnioning2019/TheOnioning/Content/Maps/Main/Chapter3_MAP.umap'
[2019.01.07-04.55.10:046][ 51]LogSlate: FSceneViewport::OnFocusLost() reason 0
[2019.01.07-04.55.10:875][140]LogTemp: Repeating last play command: Selected Viewport
[2019.01.07-04.55.10:894][140]LogPlayLevel: PlayLevel: No blueprints needed recompiling
[2019.01.07-04.55.10:894][140]PIE: New page: PIE session: Chapter3_MAP (Jan 6, 2019, 12:55:10 PM)
[2019.01.07-04.55.10:895][140]LogPlayLevel: Creating play world package: /Game/Maps/Main/UEDPIE_0_Chapter3_MAP
[2019.01.07-04.55.10:905][140]LogPlayLevel: PIE: StaticDuplicateObject took: (0.010385s)
[2019.01.07-04.55.10:906][140]LogAIModule: Creating AISystem for world Chapter3_MAP
[2019.01.07-04.55.10:906][140]LogPlayLevel: PIE: World Init took: (0.000759s)
[2019.01.07-04.55.10:906][140]LogPlayLevel: PIE: Created PIE world by copying editor world from /Game/Maps/Main/Chapter3_MAP.Chapter3_MAP to /Game/Maps/Main/UEDPIE_0_Chapter3_MAP.Chapter3_MAP (0.011286s)
[2019.01.07-04.55.10:941][140]LogInit: XAudio2 using 'Speakers (High Definition Audio Device)' : 2 channels at 48 kHz using 16 bits per sample (channel mask 0x3)
[2019.01.07-04.55.10:952][140]LogInit: FAudioDevice initialized.
[2019.01.07-04.55.11:001][140]LogLoad: Game class is 'GameModeBase'
[2019.01.07-04.55.11:004][140]LogWorld: Bringing World /Game/Maps/Main/UEDPIE_0_Chapter3_MAP.Chapter3_MAP up for play (max tick rate 0) at 2019.01.06-20.55.11
[2019.01.07-04.55.11:004][140]LogWorld: Bringing up level for play took: 0.001905
[2019.01.07-04.55.11:017][140]PIE: Play in editor start time for /Game/Maps/Main/UEDPIE_0_Chapter3_MAP 0.03
[2019.01.07-04.55.12:199][279]LogSlate: Updating window title bar state: overlay mode, drag disabled, window buttons hidden, title bar hidden
[2019.01.07-04.55.12:234][279]LogPlayLevel: Display: Shutting down PIE online subsystems
[2019.01.07-04.55.12:261][279]LogSlate: Updating window title bar state: overlay mode, drag disabled, window buttons hidden, title bar hidden
[2019.01.07-04.55.12:307][281]LogPlayLevel: Display: Destroying online subsystem :Context_5
[2019.01.07-04.55.13:099][376]LogSlate: FSceneViewport::OnFocusLost() reason 0
[2019.01.07-04.55.14:170][492]LogSlate: FSceneViewport::OnFocusLost() reason 2
[2019.01.07-04.55.16:094][717]LogSlate: FSceneViewport::OnFocusLost() reason 0
[2019.01.07-04.55.16:160][725]LogTemp: Repeating last play command: Selected Viewport
[2019.01.07-04.55.16:184][725]LogPlayLevel: PlayLevel: No blueprints needed recompiling
[2019.01.07-04.55.16:184][725]PIE: New page: PIE session: Chapter3_MAP (Jan 6, 2019, 12:55:16 PM)
[2019.01.07-04.55.16:184][725]LogPlayLevel: Creating play world package: /Game/Maps/Main/UEDPIE_0_Chapter3_MAP
[2019.01.07-04.55.16:194][725]LogPlayLevel: PIE: StaticDuplicateObject took: (0.010181s)
[2019.01.07-04.55.16:195][725]LogAIModule: Creating AISystem for world Chapter3_MAP
[2019.01.07-04.55.16:195][725]LogPlayLevel: PIE: World Init took: (0.000668s)
[2019.01.07-04.55.16:195][725]LogPlayLevel: PIE: Created PIE world by copying editor world from /Game/Maps/Main/Chapter3_MAP.Chapter3_MAP to /Game/Maps/Main/UEDPIE_0_Chapter3_MAP.Chapter3_MAP (0.010965s)
[2019.01.07-04.55.16:231][725]LogInit: XAudio2 using 'Speakers (High Definition Audio Device)' : 2 channels at 48 kHz using 16 bits per sample (channel mask 0x3)
[2019.01.07-04.55.16:241][725]LogInit: FAudioDevice initialized.
[2019.01.07-04.55.16:269][725]LogLoad: Game class is 'Player_GM_C'
[2019.01.07-04.55.16:272][725]LogWorld: Bringing World /Game/Maps/Main/UEDPIE_0_Chapter3_MAP.Chapter3_MAP up for play (max tick rate 0) at 2019.01.06-20.55.16
[2019.01.07-04.55.16:272][725]LogWorld: Bringing up level for play took: 0.001823
[2019.01.07-04.55.16:284][725]LogSpawn: Warning: SpawnActor failed because no class was specified
[2019.01.07-04.55.16:362][725]PIE: Play in editor start time for /Game/Maps/Main/UEDPIE_0_Chapter3_MAP -0.625
[2019.01.07-04.55.18:171][936]LogSlate: Updating window title bar state: overlay mode, drag disabled, window buttons hidden, title bar hidden
[2019.01.07-04.55.18:202][936]LogPlayLevel: Display: Shutting down PIE online subsystems
[2019.01.07-04.55.18:229][936]LogSlate: Updating window title bar state: overlay mode, drag disabled, window buttons hidden, title bar hidden
[2019.01.07-04.55.18:274][940]LogPlayLevel: Display: Destroying online subsystem :Context_6
[2019.01.07-04.55.19:839][126]LogSlate: FSceneViewport::OnFocusLost() reason 0
[2019.01.07-04.55.31:719][474]LogSlate: FSceneViewport::OnFocusLost() reason 0
[2019.01.07-04.55.47:016][305]LogEditorViewport: Clicking Background
[2019.01.07-04.55.48:562][479]LogSlate: FSceneViewport::OnFocusLost() reason 2
[2019.01.07-04.55.48:768][479]LogSavePackage: Moving '../../../../../../Users/Ryan/Documents/GitHub/TheOnioning2019/TheOnioning/Saved/Chapter3_MAPF9866C4149A395BACCF516A16B4BE5FF.tmp' to '../../../../../../Users/Ryan/Documents/GitHub/TheOnioning2019/TheOnioning/Content/Maps/Main/Chapter3_MAP.umap'
[2019.01.07-04.55.49:768][583]LogSlate: FSceneViewport::OnFocusLost() reason 0
[2019.01.07-04.55.50:049][592]LogSavePackage: Moving '../../../../../../Users/Ryan/Documents/GitHub/TheOnioning2019/TheOnioning/Saved/Chapter3_MAP618CD0E84109DDA36652E9AD3B122CAE.tmp' to '../../../../../../Users/Ryan/Documents/GitHub/TheOnioning2019/TheOnioning/Content/Maps/Main/Chapter3_MAP.umap'
[2019.01.07-04.55.50:997][702]LogSlate: FSceneViewport::OnFocusLost() reason 0
[2019.01.07-04.55.51:281][714]LogSlate: Window 'TheOnioning - Unreal Editor' being destroyed
[2019.01.07-04.55.51:307][714]LogWindowsTextInputMethodSystem: Display: IME system now deactivated.
[2019.01.07-04.55.51:615][715]Cmd: QUIT_EDITOR
[2019.01.07-04.55.52:178][715]LogExit: Preparing to exit.
[2019.01.07-04.55.54:486][715]LogExit: Editor shut down
[2019.01.07-04.55.54:487][715]LogExit: Transaction tracking system shut down
[2019.01.07-04.55.58:034][715]LogExit: Object subsystem successfully closed.
[2019.01.07-04.55.58:293][715]LogShaderCompilers: Display: Shaders left to compile 0
[2019.01.07-04.55.58:309][715]LogD3D11RHI: Shutdown
[2019.01.07-04.55.58:309][715]LogD3D11RHI: CleanupD3DDevice
[2019.01.07-04.55.58:346][715]LogD3D11RHI: ~FD3D11DynamicRHI
[2019.01.07-04.55.59:574][715]LogModuleManager: Shutting down and abandoning module MovieSceneCapture (620)
[2019.01.07-04.55.59:574][715]LogModuleManager: Shutting down and abandoning module Voice (618)
[2019.01.07-04.55.59:578][715]LogModuleManager: Shutting down and abandoning module TextureEditor (616)
[2019.01.07-04.55.59:581][715]LogModuleManager: Shutting down and abandoning module HierarchicalLODUtilities (614)
[2019.01.07-04.55.59:596][715]LogModuleManager: Shutting down and abandoning module NewLevelDialog (612)
[2019.01.07-04.55.59:596][715]LogModuleManager: Shutting down and abandoning module StatsViewer (610)
[2019.01.07-04.55.59:605][715]LogModuleManager: Shutting down and abandoning module HierarchicalLODOutliner (608)
[2019.01.07-04.55.59:606][715]LogModuleManager: Shutting down and abandoning module SceneOutliner (606)
[2019.01.07-04.55.59:606][715]LogModuleManager: Shutting down and abandoning module AddContentDialog (604)
[2019.01.07-04.55.59:618][715]LogModuleManager: Shutting down and abandoning module WidgetCarousel (603)
[2019.01.07-04.55.59:618][715]LogModuleManager: Shutting down and abandoning module EditorWidgets (600)
[2019.01.07-04.55.59:618][715]LogModuleManager: Shutting down and abandoning module CollectionManager (598)
[2019.01.07-04.55.59:626][715]LogModuleManager: Shutting down and abandoning module FoliageEdit (596)
[2019.01.07-04.55.59:633][715]LogModuleManager: Shutting down and abandoning module LandscapeEditor (594)
[2019.01.07-04.55.59:633][715]LogModuleManager: Shutting down and abandoning module MeshPaintMode (592)
[2019.01.07-04.55.59:642][715]LogModuleManager: Shutting down and abandoning module SceneDepthPickerMode (590)
[2019.01.07-04.55.59:642][715]LogModuleManager: Shutting down and abandoning module ActorPickerMode (588)
[2019.01.07-04.55.59:642][715]LogModuleManager: Shutting down and abandoning module GeometryMode (586)
[2019.01.07-04.55.59:642][715]LogModuleManager: Shutting down and abandoning module TextureAlignMode (584)
[2019.01.07-04.55.59:642][715]LogModuleManager: Shutting down and abandoning module BspMode (582)
[2019.01.07-04.55.59:642][715]LogModuleManager: Shutting down and abandoning module PIEPreviewDeviceProfileSelector (580)
[2019.01.07-04.55.59:647][715]LogModuleManager: Shutting down and abandoning module SequenceRecorderSections (578)
[2019.01.07-04.55.59:651][715]LogModuleManager: Shutting down and abandoning module AutomationWorker (576)
[2019.01.07-04.55.59:651][715]LogModuleManager: Shutting down and abandoning module AudioCaptureEditor (574)
[2019.01.07-04.55.59:651][715]LogModuleManager: Shutting down and abandoning module SequenceRecorder (573)
[2019.01.07-04.55.59:660][715]LogModuleManager: Shutting down and abandoning module MatineeToLevelSequence (570)
[2019.01.07-04.55.59:660][715]LogModuleManager: Shutting down and abandoning module LevelSequenceEditor (568)
[2019.01.07-04.55.59:668][715]LogModuleManager: Shutting down and abandoning module PlacementMode (567)
[2019.01.07-04.55.59:668][715]LogModuleManager: Shutting down and abandoning module MaterialEditor (566)
[2019.01.07-04.55.59:668][715]LogModuleManager: Shutting down and abandoning module WmfMediaFactory (562)
[2019.01.07-04.55.59:668][715]LogModuleManager: Shutting down and abandoning module WmfMediaEditor (560)
[2019.01.07-04.55.59:668][715]LogModuleManager: Shutting down and abandoning module MediaPlayerEditor (558)
[2019.01.07-04.55.59:681][715]LogModuleManager: Shutting down and abandoning module OpenExrWrapper (556)
[2019.01.07-04.55.59:681][715]LogModuleManager: Shutting down and abandoning module ImgMediaFactory (554)
[2019.01.07-04.55.59:681][715]LogModuleManager: Shutting down and abandoning module ImgMediaEditor (552)
[2019.01.07-04.55.59:681][715]LogModuleManager: Shutting down and abandoning module AvfMediaFactory (550)
[2019.01.07-04.55.59:681][715]LogModuleManager: Shutting down and abandoning module AvfMediaEditor (548)
[2019.01.07-04.55.59:681][715]LogModuleManager: Shutting down and abandoning module AndroidMediaFactory (546)
[2019.01.07-04.55.59:681][715]LogModuleManager: Shutting down and abandoning module AndroidMediaEditor (544)
[2019.01.07-04.55.59:681][715]LogModuleManager: Shutting down and abandoning module MagicLeapCameraPreviewFactory (542)
[2019.01.07-04.55.59:681][715]LogModuleManager: Shutting down and abandoning module MagicLeapMediaFactory (540)
[2019.01.07-04.55.59:681][715]LogModuleManager: Shutting down and abandoning module MagicLeapMediaEditor (538)
[2019.01.07-04.55.59:681][715]LogModuleManager: Shutting down and abandoning module CharacterAI (536)
[2019.01.07-04.55.59:681][715]LogModuleManager: Shutting down and abandoning module SmartSnapping (534)
[2019.01.07-04.55.59:681][715]LogModuleManager: Shutting down and abandoning module SessionServices (532)
[2019.01.07-04.55.59:681][715]LogModuleManager: Shutting down and abandoning module ViewportSnapping (530)
[2019.01.07-04.55.59:681][715]LogModuleManager: Shutting down and abandoning module ViewportInteraction (528)
[2019.01.07-04.55.59:681][715]LogModuleManager: Shutting down and abandoning module ClothPainter (526)
[2019.01.07-04.55.59:700][715]LogModuleManager: Shutting down and abandoning module SkeletalMeshEditor (525)
[2019.01.07-04.55.59:713][715]LogModuleManager: Shutting down and abandoning module LogVisualizer (522)
[2019.01.07-04.55.59:725][715]LogModuleManager: Shutting down and abandoning module IntroTutorials (520)
[2019.01.07-04.55.59:748][715]LogModuleManager: Shutting down and abandoning module GameProjectGeneration (519)
[2019.01.07-04.55.59:755][715]LogModuleManager: Shutting down and abandoning module LuminPlatformEditor (516)
[2019.01.07-04.55.59:755][715]LogModuleManager: Shutting down and abandoning module IOSPlatformEditor (514)
[2019.01.07-04.55.59:765][715]LogModuleManager: Shutting down and abandoning module HTML5PlatformEditor (512)
[2019.01.07-04.55.59:766][715]LogModuleManager: Shutting down and abandoning module AndroidPlatformEditor (510)
[2019.01.07-04.55.59:766][715]LogModuleManager: Shutting down and abandoning module AndroidDeviceDetection (509)
[2019.01.07-04.56.00:754][715]LogModuleManager: Shutting down and abandoning module WindowsPlatformEditor (506)
[2019.01.07-04.56.00:754][715]LogModuleManager: Shutting down and abandoning module LuminRuntimeSettings (504)
[2019.01.07-04.56.00:754][715]LogModuleManager: Shutting down and abandoning module IOSRuntimeSettings (502)
[2019.01.07-04.56.00:754][715]LogModuleManager: Shutting down and abandoning module AndroidRuntimeSettings (500)
[2019.01.07-04.56.00:754][715]LogModuleManager: Shutting down and abandoning module InputBindingEditor (498)
[2019.01.07-04.56.00:768][715]LogModuleManager: Shutting down and abandoning module MergeActors (496)
[2019.01.07-04.56.00:787][715]LogModuleManager: Shutting down and abandoning module LocalizationDashboard (494)
[2019.01.07-04.56.00:795][715]LogModuleManager: Shutting down and abandoning module LocalizationService (493)
[2019.01.07-04.56.00:803][715]LogModuleManager: Shutting down and abandoning module HardwareTargeting (490)
[2019.01.07-04.56.00:803][715]LogModuleManager: Shutting down and abandoning module DeviceProfileEditor (488)
[2019.01.07-04.56.00:803][715]LogModuleManager: Shutting down and abandoning module UndoHistory (486)
[2019.01.07-04.56.00:807][715]LogModuleManager: Shutting down and abandoning module XmlParser (484)
[2019.01.07-04.56.00:807][715]LogModuleManager: Shutting down and abandoning module Blutility (482)
[2019.01.07-04.56.00:816][715]LogModuleManager: Shutting down and abandoning module ProjectSettingsViewer (480)
[2019.01.07-04.56.00:816][715]LogModuleManager: Shutting down and abandoning module ProjectTargetPlatformEditor (479)
[2019.01.07-04.56.00:816][715]LogModuleManager: Shutting down and abandoning module EditorSettingsViewer (476)
[2019.01.07-04.56.00:816][715]LogModuleManager: Shutting down and abandoning module SettingsEditor (474)
[2019.01.07-04.56.00:928][715]LogModuleManager: Shutting down and abandoning module ProjectLauncher (472)
[2019.01.07-04.56.00:962][715]LogModuleManager: Shutting down and abandoning module SessionFrontend (470)
[2019.01.07-04.56.00:990][715]LogModuleManager: Shutting down and abandoning module ProfilerClient (468)
[2019.01.07-04.56.01:018][715]LogModuleManager: Shutting down and abandoning module DeviceManager (466)
[2019.01.07-04.56.01:026][715]LogModuleManager: Shutting down and abandoning module TargetDeviceServices (465)
[2019.01.07-04.56.01:081][715]LogModuleManager: Shutting down and abandoning module AutomationController (462)
[2019.01.07-04.56.01:087][715]LogModuleManager: Shutting down and abandoning module AutomationWindow (460)
[2019.01.07-04.56.01:102][715]LogModuleManager: Shutting down and abandoning module Layers (458)
[2019.01.07-04.56.01:162][715]LogModuleManager: Shutting down and abandoning module ComponentVisualizers (456)
[2019.01.07-04.56.01:162][715]LogModuleManager: Shutting down and abandoning module DetailCustomizations (454)
[2019.01.07-04.56.01:174][715]LogModuleManager: Shutting down and abandoning module PackagesDialog (452)
[2019.01.07-04.56.01:174][715]LogModuleManager: Shutting down and abandoning module Persona (450)
[2019.01.07-04.56.01:207][715]LogModuleManager: Shutting down and abandoning module AdvancedPreviewScene (449)
[2019.01.07-04.56.01:207][715]LogModuleManager: Shutting down and abandoning module AnimGraph (447)
[2019.01.07-04.56.01:218][715]LogModuleManager: Shutting down and abandoning module Kismet (444)
[2019.01.07-04.56.01:235][715]LogModuleManager: Shutting down and abandoning module GraphEditor (442)
[2019.01.07-04.56.01:235][715]LogModuleManager: Shutting down and abandoning module ClassViewer (440)
[2019.01.07-04.56.01:237][715]LogModuleManager: Shutting down and abandoning module Toolbox (438)
[2019.01.07-04.56.01:237][715]LogModuleManager: Shutting down and abandoning module ModuleUI (436)
[2019.01.07-04.56.01:257][715]LogModuleManager: Shutting down and abandoning module MovieSceneTools (434)
[2019.01.07-04.56.01:430][715]LogModuleManager: Shutting down and abandoning module OutputLog (432)
[2019.01.07-04.56.01:430][715]LogModuleManager: Shutting down and abandoning module GammaUI (430)
[2019.01.07-04.56.01:463][715]LogModuleManager: Shutting down and abandoning module Documentation (428)
[2019.01.07-04.56.01:463][715]LogModuleManager: Shutting down and abandoning module MovieSceneTracks (426)
[2019.01.07-04.56.01:463][715]LogModuleManager: Shutting down and abandoning module MovieScene (424)
[2019.01.07-04.56.01:489][715]LogModuleManager: Shutting down and abandoning module StreamingPauseRendering (422)
[2019.01.07-04.56.01:498][715]LogModuleManager: Shutting down and abandoning module LauncherPlatform (420)
[2019.01.07-04.56.01:498][715]LogModuleManager: Shutting down and abandoning module AnalyticsET (418)
[2019.01.07-04.56.01:498][715]LogModuleManager: Shutting down and abandoning module PortalServices (416)
[2019.01.07-04.56.01:498][715]LogModuleManager: Shutting down and abandoning module PortalRpc (414)
[2019.01.07-04.56.01:498][715]LogModuleManager: Shutting down and abandoning module MessagingRpc (412)
[2019.01.07-04.56.01:498][715]LogModuleManager: Shutting down and abandoning module AIModule (410)
[2019.01.07-04.56.01:508][715]LogModuleManager: Shutting down and abandoning module GameplayDebugger (409)
[2019.01.07-04.56.01:514][715]LogModuleManager: Shutting down and abandoning module AITestSuite (407)
[2019.01.07-04.56.01:520][715]LogModuleManager: Shutting down and abandoning module NavigationSystem (405)
[2019.01.07-04.56.01:520][715]LogModuleManager: Shutting down and abandoning module DesktopPlatform (402)
[2019.01.07-04.56.01:520][715]LogModuleManager: Shutting down and abandoning module ProfilerService (400)
[2019.01.07-04.56.01:551][715]LogModuleManager: Shutting down and abandoning module TaskGraph (398)
[2019.01.07-04.56.01:641][715]LogModuleManager: Shutting down and abandoning module SteamVRController (396)
[2019.01.07-04.56.01:641][715]LogModuleManager: Shutting down and abandoning module ProceduralMeshComponentEditor (394)
[2019.01.07-04.56.01:641][715]LogModuleManager: Shutting down and abandoning module ProceduralMeshComponent (392)
[2019.01.07-04.56.01:659][715]LogModuleManager: Shutting down and abandoning module OculusInput (390)
[2019.01.07-04.56.01:659][715]LogModuleManager: Shutting down and abandoning module MobilePatchingUtils (388)
[2019.01.07-04.56.01:659][715]LogModuleManager: Shutting down and abandoning module EditableMesh (386)
[2019.01.07-04.56.01:738][715]LogModuleManager: Shutting down and abandoning module CustomMeshComponent (384)
[2019.01.07-04.56.01:738][715]LogModuleManager: Shutting down and abandoning module CableComponent (382)
[2019.01.07-04.56.01:738][715]LogModuleManager: Shutting down and abandoning module AudioCapture (380)
[2019.01.07-04.56.01:738][715]LogModuleManager: Shutting down and abandoning module ArchVisCharacter (378)
[2019.01.07-04.56.01:738][715]LogModuleManager: Shutting down and abandoning module AndroidPermission (376)
[2019.01.07-04.56.01:738][715]LogModuleManager: Shutting down and abandoning module NUTUnrealEngine4 (374)
[2019.01.07-04.56.01:738][715]LogModuleManager: Shutting down and abandoning module NetcodeUnitTest (372)
[2019.01.07-04.56.01:821][715]LogModuleManager: Shutting down and abandoning module MediaCompositingEditor (370)
[2019.01.07-04.56.01:821][715]LogModuleManager: Shutting down and abandoning module MediaCompositing (368)
[2019.01.07-04.56.01:821][715]LogModuleManager: Shutting down and abandoning module LinearTimecode (366)
[2019.01.07-04.56.01:821][715]LogModuleManager: Shutting down and abandoning module ImgMedia (364)
[2019.01.07-04.56.01:829][715]LogModuleManager: Shutting down and abandoning module HTML5Networking (362)
[2019.01.07-04.56.01:829][715]LogModuleManager: Shutting down and abandoning module GeometryCacheTracks (360)
[2019.01.07-04.56.01:829][715]LogModuleManager: Shutting down and abandoning module GeometryCacheSequencer (358)
[2019.01.07-04.56.01:829][715]LogModuleManager: Shutting down and abandoning module BackChannel (356)
[2019.01.07-04.56.01:843][715]LogModuleManager: Shutting down and abandoning module AppleVision (354)
[2019.01.07-04.56.01:843][715]LogModuleManager: Shutting down and abandoning module AppleImageUtils (352)
[2019.01.07-04.56.01:843][715]LogModuleManager: Shutting down and abandoning module AlembicImporter (350)
[2019.01.07-04.56.01:843][715]LogModuleManager: Shutting down and abandoning module AlembicLibrary (349)
[2019.01.07-04.56.01:843][715]LogModuleManager: Shutting down and abandoning module GeometryCache (348)
[2019.01.07-04.56.01:843][715]LogModuleManager: Shutting down and abandoning module GeometryCacheEd (347)
[2019.01.07-04.56.01:843][715]LogModuleManager: Shutting down and abandoning module DatasmithContentEditor (342)
[2019.01.07-04.56.01:847][715]LogModuleManager: Shutting down and abandoning module DatasmithContent (340)
[2019.01.07-04.56.01:847][715]LogModuleManager: Shutting down and abandoning module SpeedTreeImporter (338)
[2019.01.07-04.56.01:847][715]LogModuleManager: Shutting down and abandoning module PluginBrowser (336)
[2019.01.07-04.56.01:860][715]LogModuleManager: Shutting down and abandoning module MobileLauncherProfileWizard (334)
[2019.01.07-04.56.01:869][715]LogModuleManager: Shutting down and abandoning module PolygonModeling (332)
[2019.01.07-04.56.01:869][715]LogModuleManager: Shutting down and abandoning module MeshEditor (330)
[2019.01.07-04.56.01:870][715]LogModuleManager: Shutting down and abandoning module CryptoKeysOpenSSL (328)
[2019.01.07-04.56.01:872][715]LogModuleManager: Shutting down and abandoning module CryptoKeys (326)
[2019.01.07-04.56.01:872][715]LogModuleManager: Shutting down and abandoning module VisualStudioSourceCodeAccess (324)
[2019.01.07-04.56.01:872][715]LogModuleManager: Shutting down and abandoning module VisualStudioCodeSourceCodeAccess (322)
[2019.01.07-04.56.01:872][715]LogModuleManager: Shutting down and abandoning module UObjectPlugin (320)
[2019.01.07-04.56.01:872][715]LogModuleManager: Shutting down and abandoning module SubversionSourceControl (318)
[2019.01.07-04.56.01:876][715]LogModuleManager: Shutting down and abandoning module PerforceSourceControl (316)
[2019.01.07-04.56.01:880][715]LogModuleManager: Shutting down and abandoning module GitSourceControl (314)
[2019.01.07-04.56.01:889][715]LogModuleManager: Shutting down and abandoning module SourceControl (313)
[2019.01.07-04.56.01:897][715]LogModuleManager: Shutting down and abandoning module CLionSourceCodeAccess (310)
[2019.01.07-04.56.01:897][715]LogModuleManager: Shutting down and abandoning module LightPropagationVolumeEditor (308)
[2019.01.07-04.56.01:897][715]LogModuleManager: Shutting down and abandoning module PaperTiledImporter (306)
[2019.01.07-04.56.01:897][715]LogModuleManager: Shutting down and abandoning module PaperSpriteSheetImporter (304)
[2019.01.07-04.56.01:897][715]LogModuleManager: Shutting down and abandoning module Paper2DEditor (302)
[2019.01.07-04.56.01:908][715]LogModuleManager: Shutting down and abandoning module MeshPaint (301)
[2019.01.07-04.56.01:913][715]LogModuleManager: Shutting down and abandoning module RuntimePhysXCooking (298)
[2019.01.07-04.56.01:913][715]LogModuleManager: Shutting down and abandoning module PhysXVehiclesEditor (296)
[2019.01.07-04.56.01:913][715]LogModuleManager: Shutting down and abandoning module PhysXVehicles (294)
[2019.01.07-04.56.01:913][715]LogModuleManager: Shutting down and abandoning module OculusEditor (292)
[2019.01.07-04.56.01:922][715]LogModuleManager: Shutting down and abandoning module LocationServicesBPLibrary (290)
[2019.01.07-04.56.01:922][715]LogModuleManager: Shutting down and abandoning module ImmediatePhysicsEditor (288)
[2019.01.07-04.56.01:922][715]LogModuleManager: Shutting down and abandoning module ImmediatePhysics (286)
[2019.01.07-04.56.01:926][715]LogModuleManager: Shutting down and abandoning module ActorSequence (284)
[2019.01.07-04.56.01:926][715]LogModuleManager: Shutting down and abandoning module UdpMessaging (282)
[2019.01.07-04.56.02:027][715]LogModuleManager: Shutting down and abandoning module TcpMessaging (280)
[2019.01.07-04.56.02:217][715]LogModuleManager: Shutting down and abandoning module MagicLeapAudio (278)
[2019.01.07-04.56.02:217][715]LogModuleManager: Shutting down and abandoning module GameplayTagsEditor (276)
[2019.01.07-04.56.02:281][715]LogModuleManager: Shutting down and abandoning module FacialAnimationEditor (274)
[2019.01.07-04.56.02:281][715]LogModuleManager: Shutting down and abandoning module FacialAnimation (272)
[2019.01.07-04.56.02:281][715]LogModuleManager: Shutting down and abandoning module DataValidation (270)
[2019.01.07-04.56.02:281][715]LogModuleManager: Shutting down and abandoning module AssetManagerEditor (268)
[2019.01.07-04.56.02:328][715]LogModuleManager: Shutting down and abandoning module LevelEditor (267)
[2019.01.07-04.56.02:387][715]LogModuleManager: Shutting down and abandoning module PixelInspectorModule (266)
[2019.01.07-04.56.02:412][715]LogModuleManager: Shutting down and abandoning module CommonMenuExtensions (264)
[2019.01.07-04.56.02:412][715]LogModuleManager: Shutting down and abandoning module MainFrame (262)
[2019.01.07-04.56.02:441][715]LogModuleManager: Shutting down and abandoning module HotReload (261)
[2019.01.07-04.56.02:476][715]LogModuleManager: Shutting down and abandoning module ContentBrowser (257)
[2019.01.07-04.56.02:477][715]LogModuleManager: Shutting down and abandoning module TreeMap (255)
[2019.01.07-04.56.02:507][715]LogModuleManager: Shutting down and abandoning module LightPropagationVolumeRuntime (252)
[2019.01.07-04.56.02:507][715]LogModuleManager: Shutting down and abandoning module AISupportModule (250)
[2019.01.07-04.56.02:507][715]LogModuleManager: Shutting down and abandoning module Paper2D (248)
[2019.01.07-04.56.02:515][715]LogModuleManager: Shutting down and abandoning module WindowsMoviePlayer (246)
[2019.01.07-04.56.02:617][715]LogModuleManager: Shutting down and abandoning module WmfMedia (244)
[2019.01.07-04.56.02:636][715]LogModuleManager: Shutting down and abandoning module Media (243)
[2019.01.07-04.56.02:673][715]LogModuleManager: Shutting down and abandoning module PacketHandler (240)
[2019.01.07-04.56.02:673][715]LogModuleManager: Shutting down and abandoning module ClothingSystemEditor (238)
[2019.01.07-04.56.02:673][715]LogModuleManager: Shutting down and abandoning module ClothingSystemRuntime (236)
[2019.01.07-04.56.02:703][715]LogModuleManager: Shutting down and abandoning module MediaAssets (234)
[2019.01.07-04.56.02:703][715]LogModuleManager: Shutting down and abandoning module Overlay (232)
[2019.01.07-04.56.02:703][715]LogModuleManager: Shutting down and abandoning module OverlayEditor (231)
[2019.01.07-04.56.02:703][715]LogModuleManager: Shutting down and abandoning module VREditor (228)
[2019.01.07-04.56.02:755][715]LogModuleManager: Shutting down and abandoning module StringTableEditor (226)
[2019.01.07-04.56.02:781][715]LogModuleManager: Shutting down and abandoning module GameplayTasksEditor (224)
[2019.01.07-04.56.02:781][715]LogModuleManager: Shutting down and abandoning module BehaviorTreeEditor (222)
[2019.01.07-04.56.02:863][715]LogModuleManager: Shutting down and abandoning module FunctionalTesting (220)
[2019.01.07-04.56.02:885][715]LogModuleManager: Shutting down and abandoning module CollisionAnalyzer (218)
[2019.01.07-04.56.02:945][715]LogModuleManager: Shutting down and abandoning module WorkspaceMenuStructure (217)
[2019.01.07-04.56.02:945][715]LogModuleManager: Shutting down and abandoning module UMG (214)
[2019.01.07-04.56.02:949][715]LogModuleManager: Shutting down and abandoning module UMGEditor (213)
